<?xml version="1.0" encoding="UTF-8"?>
<coverage generated="1742738349326" clover="3.2.0">
  <project timestamp="1742738349326" name="All files">
    <metrics statements="61" coveredstatements="61" conditionals="42" coveredconditionals="40" methods="11" coveredmethods="11" elements="114" coveredelements="112" complexity="0" loc="61" ncloc="61" packages="1" files="3" classes="3"/>
    <file name="CredentialType.ts" path="/Users/bytedance/Workspace/SnapCred/src/domain/models/CredentialType.ts">
      <metrics statements="23" coveredstatements="23" conditionals="15" coveredconditionals="14" methods="4" coveredmethods="4"/>
      <line num="20" count="1" type="stmt"/>
      <line num="21" count="6" type="stmt"/>
      <line num="22" count="6" type="stmt"/>
      <line num="23" count="6" type="stmt"/>
      <line num="24" count="6" type="stmt"/>
      <line num="25" count="6" type="stmt"/>
      <line num="26" count="6" type="stmt"/>
      <line num="29" count="6" type="cond" truecount="8" falsecount="0"/>
      <line num="31" count="2" type="stmt"/>
      <line num="34" count="4" type="stmt"/>
      <line num="35" count="4" type="stmt"/>
      <line num="36" count="4" type="stmt"/>
      <line num="37" count="4" type="stmt"/>
      <line num="38" count="4" type="stmt"/>
      <line num="39" count="4" type="stmt"/>
      <line num="48" count="3" type="cond" truecount="3" falsecount="0"/>
      <line num="49" count="1" type="stmt"/>
      <line num="52" count="2" type="stmt"/>
      <line num="61" count="3" type="cond" truecount="3" falsecount="0"/>
      <line num="62" count="1" type="stmt"/>
      <line num="65" count="2" type="stmt"/>
      <line num="75" count="1" type="stmt"/>
      <line num="76" count="1" type="stmt"/>
    </file>
    <file name="FAQ.ts" path="/Users/bytedance/Workspace/SnapCred/src/domain/models/FAQ.ts">
      <metrics statements="17" coveredstatements="17" conditionals="12" coveredconditionals="12" methods="3" coveredmethods="3"/>
      <line num="13" count="1" type="stmt"/>
      <line num="14" count="5" type="stmt"/>
      <line num="15" count="5" type="stmt"/>
      <line num="16" count="5" type="stmt"/>
      <line num="17" count="5" type="stmt"/>
      <line num="20" count="5" type="cond" truecount="6" falsecount="0"/>
      <line num="21" count="2" type="stmt"/>
      <line num="24" count="3" type="stmt"/>
      <line num="25" count="3" type="stmt"/>
      <line num="26" count="3" type="stmt"/>
      <line num="27" count="3" type="stmt"/>
      <line num="36" count="3" type="cond" truecount="3" falsecount="0"/>
      <line num="37" count="1" type="stmt"/>
      <line num="40" count="2" type="stmt"/>
      <line num="49" count="3" type="cond" truecount="3" falsecount="0"/>
      <line num="50" count="1" type="stmt"/>
      <line num="53" count="2" type="stmt"/>
    </file>
    <file name="TeamMember.ts" path="/Users/bytedance/Workspace/SnapCred/src/domain/models/TeamMember.ts">
      <metrics statements="21" coveredstatements="21" conditionals="15" coveredconditionals="14" methods="4" coveredmethods="4"/>
      <line num="14" count="1" type="stmt"/>
      <line num="15" count="6" type="stmt"/>
      <line num="16" count="6" type="stmt"/>
      <line num="17" count="6" type="stmt"/>
      <line num="18" count="6" type="stmt"/>
      <line num="19" count="6" type="stmt"/>
      <line num="22" count="6" type="cond" truecount="7" falsecount="0"/>
      <line num="23" count="2" type="stmt"/>
      <line num="26" count="4" type="stmt"/>
      <line num="27" count="4" type="stmt"/>
      <line num="28" count="4" type="stmt"/>
      <line num="29" count="4" type="stmt"/>
      <line num="30" count="4" type="stmt"/>
      <line num="39" count="3" type="cond" truecount="3" falsecount="0"/>
      <line num="40" count="1" type="stmt"/>
      <line num="43" count="2" type="stmt"/>
      <line num="52" count="3" type="cond" truecount="3" falsecount="0"/>
      <line num="53" count="1" type="stmt"/>
      <line num="56" count="2" type="stmt"/>
      <line num="66" count="1" type="cond" truecount="1" falsecount="1"/>
      <line num="67" count="1" type="stmt"/>
    </file>
  </project>
</coverage>
