<?xml version="1.0" encoding="UTF-8"?>
<coverage generated="1742744205059" clover="3.2.0">
  <project timestamp="1742744205059" name="All files">
    <metrics statements="174" coveredstatements="172" conditionals="93" coveredconditionals="89" methods="36" coveredmethods="35" elements="303" coveredelements="296" complexity="0" loc="174" ncloc="174" packages="6" files="16" classes="16"/>
    <package name="app">
      <metrics statements="6" coveredstatements="6" conditionals="0" coveredconditionals="0" methods="1" coveredmethods="1"/>
      <file name="App.tsx" path="/Users/bytedance/Workspace/SnapCred/src/app/App.tsx">
        <metrics statements="6" coveredstatements="6" conditionals="0" coveredconditionals="0" methods="1" coveredmethods="1"/>
        <line num="2" count="1" type="stmt"/>
        <line num="3" count="1" type="stmt"/>
        <line num="4" count="1" type="stmt"/>
        <line num="6" count="1" type="stmt"/>
        <line num="7" count="2" type="stmt"/>
        <line num="14" count="1" type="stmt"/>
      </file>
    </package>
    <package name="app.pages">
      <metrics statements="44" coveredstatements="42" conditionals="20" coveredconditionals="19" methods="7" coveredmethods="6"/>
      <file name="ContactPage.tsx" path="/Users/bytedance/Workspace/SnapCred/src/app/pages/ContactPage.tsx">
        <metrics statements="32" coveredstatements="30" conditionals="20" coveredconditionals="19" methods="6" coveredmethods="5"/>
        <line num="1" count="1" type="stmt"/>
        <line num="2" count="1" type="stmt"/>
        <line num="3" count="1" type="stmt"/>
        <line num="17" count="1" type="stmt"/>
        <line num="18" count="10" type="stmt"/>
        <line num="24" count="10" type="stmt"/>
        <line num="25" count="10" type="stmt"/>
        <line num="27" count="10" type="stmt"/>
        <line num="28" count="2" type="stmt"/>
        <line num="30" count="2" type="cond" truecount="1" falsecount="0"/>
        <line num="31" count="1" type="stmt"/>
        <line num="34" count="2" type="cond" truecount="2" falsecount="0"/>
        <line num="35" count="1" type="stmt"/>
        <line num="36" count="1" type="cond" truecount="0" falsecount="1"/>
        <line num="37" count="0" type="stmt"/>
        <line num="40" count="2" type="cond" truecount="1" falsecount="0"/>
        <line num="41" count="1" type="stmt"/>
        <line num="44" count="2" type="stmt"/>
        <line num="45" count="2" type="stmt"/>
        <line num="48" count="10" type="stmt"/>
        <line num="51" count="3" type="stmt"/>
        <line num="52" count="3" type="stmt"/>
        <line num="58" count="10" type="stmt"/>
        <line num="59" count="2" type="stmt"/>
        <line num="61" count="2" type="cond" truecount="1" falsecount="0"/>
        <line num="63" count="1" type="stmt"/>
        <line num="64" count="1" type="stmt"/>
        <line num="67" count="1" type="stmt"/>
        <line num="72" count="1" type="stmt"/>
        <line num="76" count="10" type="stmt"/>
        <line num="105" count="0" type="stmt"/>
        <line num="340" count="1" type="stmt"/>
      </file>
      <file name="HomePage.tsx" path="/Users/bytedance/Workspace/SnapCred/src/app/pages/HomePage.tsx">
        <metrics statements="12" coveredstatements="12" conditionals="0" coveredconditionals="0" methods="1" coveredmethods="1"/>
        <line num="2" count="1" type="stmt"/>
        <line num="3" count="1" type="stmt"/>
        <line num="4" count="1" type="stmt"/>
        <line num="5" count="1" type="stmt"/>
        <line num="6" count="1" type="stmt"/>
        <line num="7" count="1" type="stmt"/>
        <line num="8" count="1" type="stmt"/>
        <line num="9" count="1" type="stmt"/>
        <line num="10" count="1" type="stmt"/>
        <line num="12" count="1" type="stmt"/>
        <line num="13" count="3" type="stmt"/>
        <line num="50" count="1" type="stmt"/>
      </file>
    </package>
    <package name="app.routes">
      <metrics statements="8" coveredstatements="8" conditionals="0" coveredconditionals="0" methods="1" coveredmethods="1"/>
      <file name="Routes.tsx" path="/Users/bytedance/Workspace/SnapCred/src/app/routes/Routes.tsx">
        <metrics statements="8" coveredstatements="8" conditionals="0" coveredconditionals="0" methods="1" coveredmethods="1"/>
        <line num="2" count="1" type="stmt"/>
        <line num="3" count="1" type="stmt"/>
        <line num="4" count="1" type="stmt"/>
        <line num="5" count="1" type="stmt"/>
        <line num="6" count="1" type="stmt"/>
        <line num="8" count="1" type="stmt"/>
        <line num="9" count="4" type="stmt"/>
        <line num="19" count="1" type="stmt"/>
      </file>
    </package>
    <package name="domain.models">
      <metrics statements="61" coveredstatements="61" conditionals="42" coveredconditionals="40" methods="11" coveredmethods="11"/>
      <file name="CredentialType.ts" path="/Users/bytedance/Workspace/SnapCred/src/domain/models/CredentialType.ts">
        <metrics statements="23" coveredstatements="23" conditionals="15" coveredconditionals="14" methods="4" coveredmethods="4"/>
        <line num="20" count="1" type="stmt"/>
        <line num="21" count="6" type="stmt"/>
        <line num="22" count="6" type="stmt"/>
        <line num="23" count="6" type="stmt"/>
        <line num="24" count="6" type="stmt"/>
        <line num="25" count="6" type="stmt"/>
        <line num="26" count="6" type="stmt"/>
        <line num="29" count="6" type="cond" truecount="8" falsecount="0"/>
        <line num="31" count="2" type="stmt"/>
        <line num="34" count="4" type="stmt"/>
        <line num="35" count="4" type="stmt"/>
        <line num="36" count="4" type="stmt"/>
        <line num="37" count="4" type="stmt"/>
        <line num="38" count="4" type="stmt"/>
        <line num="39" count="4" type="stmt"/>
        <line num="48" count="3" type="cond" truecount="3" falsecount="0"/>
        <line num="49" count="1" type="stmt"/>
        <line num="52" count="2" type="stmt"/>
        <line num="61" count="3" type="cond" truecount="3" falsecount="0"/>
        <line num="62" count="1" type="stmt"/>
        <line num="65" count="2" type="stmt"/>
        <line num="75" count="1" type="stmt"/>
        <line num="76" count="1" type="stmt"/>
      </file>
      <file name="FAQ.ts" path="/Users/bytedance/Workspace/SnapCred/src/domain/models/FAQ.ts">
        <metrics statements="17" coveredstatements="17" conditionals="12" coveredconditionals="12" methods="3" coveredmethods="3"/>
        <line num="13" count="3" type="stmt"/>
        <line num="14" count="15" type="stmt"/>
        <line num="15" count="15" type="stmt"/>
        <line num="16" count="15" type="stmt"/>
        <line num="17" count="15" type="stmt"/>
        <line num="20" count="15" type="cond" truecount="6" falsecount="0"/>
        <line num="21" count="2" type="stmt"/>
        <line num="24" count="13" type="stmt"/>
        <line num="25" count="13" type="stmt"/>
        <line num="26" count="13" type="stmt"/>
        <line num="27" count="13" type="stmt"/>
        <line num="36" count="53" type="cond" truecount="3" falsecount="0"/>
        <line num="37" count="51" type="stmt"/>
        <line num="40" count="2" type="stmt"/>
        <line num="49" count="53" type="cond" truecount="3" falsecount="0"/>
        <line num="50" count="51" type="stmt"/>
        <line num="53" count="2" type="stmt"/>
      </file>
      <file name="TeamMember.ts" path="/Users/bytedance/Workspace/SnapCred/src/domain/models/TeamMember.ts">
        <metrics statements="21" coveredstatements="21" conditionals="15" coveredconditionals="14" methods="4" coveredmethods="4"/>
        <line num="14" count="1" type="stmt"/>
        <line num="15" count="6" type="stmt"/>
        <line num="16" count="6" type="stmt"/>
        <line num="17" count="6" type="stmt"/>
        <line num="18" count="6" type="stmt"/>
        <line num="19" count="6" type="stmt"/>
        <line num="22" count="6" type="cond" truecount="7" falsecount="0"/>
        <line num="23" count="2" type="stmt"/>
        <line num="26" count="4" type="stmt"/>
        <line num="27" count="4" type="stmt"/>
        <line num="28" count="4" type="stmt"/>
        <line num="29" count="4" type="stmt"/>
        <line num="30" count="4" type="stmt"/>
        <line num="39" count="3" type="cond" truecount="3" falsecount="0"/>
        <line num="40" count="1" type="stmt"/>
        <line num="43" count="2" type="stmt"/>
        <line num="52" count="3" type="cond" truecount="3" falsecount="0"/>
        <line num="53" count="1" type="stmt"/>
        <line num="56" count="2" type="stmt"/>
        <line num="66" count="1" type="cond" truecount="1" falsecount="1"/>
        <line num="67" count="1" type="stmt"/>
      </file>
    </package>
    <package name="presentation.components.home">
      <metrics statements="43" coveredstatements="43" conditionals="14" coveredconditionals="13" methods="14" coveredmethods="14"/>
      <file name="CTA.tsx" path="/Users/bytedance/Workspace/SnapCred/src/presentation/components/home/CTA.tsx">
        <metrics statements="4" coveredstatements="4" conditionals="4" coveredconditionals="4" methods="1" coveredmethods="1"/>
        <line num="2" count="2" type="stmt"/>
        <line num="11" count="2" type="stmt"/>
        <line num="17" count="8" type="stmt"/>
        <line num="30" count="2" type="stmt"/>
      </file>
      <file name="CredentialTypes.tsx" path="/Users/bytedance/Workspace/SnapCred/src/presentation/components/home/CredentialTypes.tsx">
        <metrics statements="4" coveredstatements="4" conditionals="0" coveredconditionals="0" methods="1" coveredmethods="1"/>
        <line num="2" count="2" type="stmt"/>
        <line num="3" count="2" type="stmt"/>
        <line num="5" count="2" type="stmt"/>
        <line num="6" count="11" type="stmt"/>
      </file>
      <file name="FAQ.tsx" path="/Users/bytedance/Workspace/SnapCred/src/presentation/components/home/FAQ.tsx">
        <metrics statements="13" coveredstatements="13" conditionals="8" coveredconditionals="8" methods="5" coveredmethods="5"/>
        <line num="1" count="2" type="stmt"/>
        <line num="2" count="2" type="stmt"/>
        <line num="3" count="2" type="stmt"/>
        <line num="6" count="2" type="stmt"/>
        <line num="69" count="2" type="stmt"/>
        <line num="71" count="10" type="stmt"/>
        <line num="76" count="10" type="stmt"/>
        <line num="77" count="2" type="stmt"/>
        <line num="84" count="10" type="stmt"/>
        <line num="86" count="10" type="stmt"/>
        <line num="93" count="50" type="stmt"/>
        <line num="96" count="2" type="stmt"/>
        <line num="133" count="2" type="stmt"/>
      </file>
      <file name="Features.tsx" path="/Users/bytedance/Workspace/SnapCred/src/presentation/components/home/Features.tsx">
        <metrics statements="6" coveredstatements="6" conditionals="0" coveredconditionals="0" methods="2" coveredmethods="2"/>
        <line num="2" count="2" type="stmt"/>
        <line num="11" count="2" type="stmt"/>
        <line num="12" count="9" type="stmt"/>
        <line num="125" count="9" type="stmt"/>
        <line num="133" count="54" type="stmt"/>
        <line num="153" count="2" type="stmt"/>
      </file>
      <file name="Hero.tsx" path="/Users/bytedance/Workspace/SnapCred/src/presentation/components/home/Hero.tsx">
        <metrics statements="5" coveredstatements="5" conditionals="0" coveredconditionals="0" methods="1" coveredmethods="1"/>
        <line num="2" count="2" type="stmt"/>
        <line num="3" count="2" type="stmt"/>
        <line num="5" count="2" type="stmt"/>
        <line num="6" count="9" type="stmt"/>
        <line num="26" count="2" type="stmt"/>
      </file>
      <file name="ProcessFlow.tsx" path="/Users/bytedance/Workspace/SnapCred/src/presentation/components/home/ProcessFlow.tsx">
        <metrics statements="6" coveredstatements="6" conditionals="0" coveredconditionals="0" methods="2" coveredmethods="2"/>
        <line num="2" count="2" type="stmt"/>
        <line num="11" count="2" type="stmt"/>
        <line num="38" count="2" type="stmt"/>
        <line num="39" count="7" type="stmt"/>
        <line num="46" count="28" type="stmt"/>
        <line num="68" count="2" type="stmt"/>
      </file>
      <file name="Testimonials.tsx" path="/Users/bytedance/Workspace/SnapCred/src/presentation/components/home/Testimonials.tsx">
        <metrics statements="5" coveredstatements="5" conditionals="2" coveredconditionals="1" methods="2" coveredmethods="2"/>
        <line num="13" count="2" type="stmt"/>
        <line num="56" count="2" type="stmt"/>
        <line num="57" count="7" type="stmt"/>
        <line num="63" count="28" type="stmt"/>
        <line num="96" count="2" type="stmt"/>
      </file>
    </package>
    <package name="presentation.components.ui">
      <metrics statements="12" coveredstatements="12" conditionals="17" coveredconditionals="17" methods="2" coveredmethods="2"/>
      <file name="Button.tsx" path="/Users/bytedance/Workspace/SnapCred/src/presentation/components/ui/Button.tsx">
        <metrics statements="6" coveredstatements="6" conditionals="4" coveredconditionals="4" methods="1" coveredmethods="1"/>
        <line num="1" count="1" type="stmt"/>
        <line num="2" count="1" type="stmt"/>
        <line num="13" count="1" type="stmt"/>
        <line num="21" count="11" type="stmt"/>
        <line num="31" count="11" type="stmt"/>
        <line num="38" count="1" type="stmt"/>
      </file>
      <file name="Card.tsx" path="/Users/bytedance/Workspace/SnapCred/src/presentation/components/ui/Card.tsx">
        <metrics statements="6" coveredstatements="6" conditionals="13" coveredconditionals="13" methods="1" coveredmethods="1"/>
        <line num="1" count="1" type="stmt"/>
        <line num="2" count="1" type="stmt"/>
        <line num="15" count="1" type="stmt"/>
        <line num="25" count="10" type="stmt"/>
        <line num="35" count="10" type="stmt"/>
        <line num="49" count="1" type="stmt"/>
      </file>
    </package>
  </project>
</coverage>
