{"/Users/bytedance/Workspace/SnapCred/src/domain/models/CredentialType.ts": {"path":"/Users/bytedance/Workspace/SnapCred/src/domain/models/CredentialType.ts","statementMap":{"0":{"start":{"line":21,"column":11},"end":{"line":21,"column":null}},"1":{"start":{"line":22,"column":11},"end":{"line":22,"column":null}},"2":{"start":{"line":23,"column":11},"end":{"line":23,"column":null}},"3":{"start":{"line":24,"column":11},"end":{"line":24,"column":null}},"4":{"start":{"line":25,"column":11},"end":{"line":25,"column":null}},"5":{"start":{"line":26,"column":11},"end":{"line":26,"column":null}},"6":{"start":{"line":29,"column":4},"end":{"line":32,"column":5}},"7":{"start":{"line":31,"column":6},"end":{"line":31,"column":53}},"8":{"start":{"line":34,"column":4},"end":{"line":34,"column":23}},"9":{"start":{"line":35,"column":4},"end":{"line":35,"column":27}},"10":{"start":{"line":36,"column":4},"end":{"line":36,"column":41}},"11":{"start":{"line":37,"column":4},"end":{"line":37,"column":27}},"12":{"start":{"line":38,"column":4},"end":{"line":38,"column":39}},"13":{"start":{"line":39,"column":4},"end":{"line":39,"column":43}},"14":{"start":{"line":48,"column":4},"end":{"line":50,"column":5}},"15":{"start":{"line":49,"column":6},"end":{"line":49,"column":26}},"16":{"start":{"line":52,"column":4},"end":{"line":52,"column":24}},"17":{"start":{"line":61,"column":4},"end":{"line":63,"column":5}},"18":{"start":{"line":62,"column":6},"end":{"line":62,"column":33}},"19":{"start":{"line":65,"column":4},"end":{"line":65,"column":31}},"20":{"start":{"line":75,"column":21},"end":{"line":75,"column":25}},"21":{"start":{"line":76,"column":4},"end":{"line":79,"column":6}},"22":{"start":{"line":20,"column":0},"end":{"line":20,"column":13}}},"fnMap":{"0":{"name":"(anonymous_0)","decl":{"start":{"line":28,"column":2},"end":{"line":28,"column":14}},"loc":{"start":{"line":28,"column":40},"end":{"line":40,"column":3}}},"1":{"name":"(anonymous_1)","decl":{"start":{"line":47,"column":2},"end":{"line":47,"column":18}},"loc":{"start":{"line":47,"column":35},"end":{"line":53,"column":3}}},"2":{"name":"(anonymous_2)","decl":{"start":{"line":60,"column":2},"end":{"line":60,"column":25}},"loc":{"start":{"line":60,"column":42},"end":{"line":66,"column":3}}},"3":{"name":"(anonymous_3)","decl":{"start":{"line":73,"column":2},"end":{"line":73,"column":23}},"loc":{"start":{"line":73,"column":41},"end":{"line":80,"column":3}}}},"branchMap":{"0":{"loc":{"start":{"line":29,"column":4},"end":{"line":32,"column":5}},"type":"if","locations":[{"start":{"line":29,"column":4},"end":{"line":32,"column":5}}]},"1":{"loc":{"start":{"line":29,"column":8},"end":{"line":30,"column":63}},"type":"binary-expr","locations":[{"start":{"line":29,"column":8},"end":{"line":29,"column":14}},{"start":{"line":29,"column":18},"end":{"line":29,"column":27}},{"start":{"line":29,"column":31},"end":{"line":29,"column":42}},{"start":{"line":29,"column":46},"end":{"line":29,"column":64}},{"start":{"line":30,"column":8},"end":{"line":30,"column":19}},{"start":{"line":30,"column":23},"end":{"line":30,"column":40}},{"start":{"line":30,"column":44},"end":{"line":30,"column":63}}]},"2":{"loc":{"start":{"line":48,"column":4},"end":{"line":50,"column":5}},"type":"if","locations":[{"start":{"line":48,"column":4},"end":{"line":50,"column":5}}]},"3":{"loc":{"start":{"line":48,"column":8},"end":{"line":48,"column":41}},"type":"binary-expr","locations":[{"start":{"line":48,"column":8},"end":{"line":48,"column":25}},{"start":{"line":48,"column":29},"end":{"line":48,"column":41}}]},"4":{"loc":{"start":{"line":61,"column":4},"end":{"line":63,"column":5}},"type":"if","locations":[{"start":{"line":61,"column":4},"end":{"line":63,"column":5}}]},"5":{"loc":{"start":{"line":61,"column":8},"end":{"line":61,"column":48}},"type":"binary-expr","locations":[{"start":{"line":61,"column":8},"end":{"line":61,"column":25}},{"start":{"line":61,"column":29},"end":{"line":61,"column":48}}]},"6":{"loc":{"start":{"line":73,"column":24},"end":{"line":73,"column":41}},"type":"default-arg","locations":[{"start":{"line":73,"column":38},"end":{"line":73,"column":41}}]}},"s":{"0":6,"1":6,"2":6,"3":6,"4":6,"5":6,"6":6,"7":2,"8":4,"9":4,"10":4,"11":4,"12":4,"13":4,"14":3,"15":1,"16":2,"17":3,"18":1,"19":2,"20":1,"21":1,"22":1},"f":{"0":6,"1":3,"2":3,"3":1},"b":{"0":[2],"1":[6,6,5,4,4,4,4],"2":[1],"3":[3,1],"4":[1],"5":[3,1],"6":[0]}}
,"/Users/bytedance/Workspace/SnapCred/src/domain/models/FAQ.ts": {"path":"/Users/bytedance/Workspace/SnapCred/src/domain/models/FAQ.ts","statementMap":{"0":{"start":{"line":14,"column":11},"end":{"line":14,"column":null}},"1":{"start":{"line":15,"column":11},"end":{"line":15,"column":null}},"2":{"start":{"line":16,"column":11},"end":{"line":16,"column":null}},"3":{"start":{"line":17,"column":11},"end":{"line":17,"column":null}},"4":{"start":{"line":20,"column":4},"end":{"line":22,"column":5}},"5":{"start":{"line":21,"column":6},"end":{"line":21,"column":53}},"6":{"start":{"line":24,"column":4},"end":{"line":24,"column":23}},"7":{"start":{"line":25,"column":4},"end":{"line":25,"column":35}},"8":{"start":{"line":26,"column":4},"end":{"line":26,"column":31}},"9":{"start":{"line":27,"column":4},"end":{"line":27,"column":35}},"10":{"start":{"line":36,"column":4},"end":{"line":38,"column":5}},"11":{"start":{"line":37,"column":6},"end":{"line":37,"column":30}},"12":{"start":{"line":40,"column":4},"end":{"line":40,"column":28}},"13":{"start":{"line":49,"column":4},"end":{"line":51,"column":5}},"14":{"start":{"line":50,"column":6},"end":{"line":50,"column":28}},"15":{"start":{"line":53,"column":4},"end":{"line":53,"column":26}},"16":{"start":{"line":13,"column":0},"end":{"line":13,"column":13}}},"fnMap":{"0":{"name":"(anonymous_0)","decl":{"start":{"line":19,"column":2},"end":{"line":19,"column":14}},"loc":{"start":{"line":19,"column":29},"end":{"line":28,"column":3}}},"1":{"name":"(anonymous_1)","decl":{"start":{"line":35,"column":2},"end":{"line":35,"column":22}},"loc":{"start":{"line":35,"column":39},"end":{"line":41,"column":3}}},"2":{"name":"(anonymous_2)","decl":{"start":{"line":48,"column":2},"end":{"line":48,"column":20}},"loc":{"start":{"line":48,"column":37},"end":{"line":54,"column":3}}}},"branchMap":{"0":{"loc":{"start":{"line":20,"column":4},"end":{"line":22,"column":5}},"type":"if","locations":[{"start":{"line":20,"column":4},"end":{"line":22,"column":5}}]},"1":{"loc":{"start":{"line":20,"column":8},"end":{"line":20,"column":82}},"type":"binary-expr","locations":[{"start":{"line":20,"column":8},"end":{"line":20,"column":14}},{"start":{"line":20,"column":18},"end":{"line":20,"column":27}},{"start":{"line":20,"column":31},"end":{"line":20,"column":46}},{"start":{"line":20,"column":50},"end":{"line":20,"column":63}},{"start":{"line":20,"column":67},"end":{"line":20,"column":82}}]},"2":{"loc":{"start":{"line":36,"column":4},"end":{"line":38,"column":5}},"type":"if","locations":[{"start":{"line":36,"column":4},"end":{"line":38,"column":5}}]},"3":{"loc":{"start":{"line":36,"column":8},"end":{"line":36,"column":45}},"type":"binary-expr","locations":[{"start":{"line":36,"column":8},"end":{"line":36,"column":25}},{"start":{"line":36,"column":29},"end":{"line":36,"column":45}}]},"4":{"loc":{"start":{"line":49,"column":4},"end":{"line":51,"column":5}},"type":"if","locations":[{"start":{"line":49,"column":4},"end":{"line":51,"column":5}}]},"5":{"loc":{"start":{"line":49,"column":8},"end":{"line":49,"column":43}},"type":"binary-expr","locations":[{"start":{"line":49,"column":8},"end":{"line":49,"column":25}},{"start":{"line":49,"column":29},"end":{"line":49,"column":43}}]}},"s":{"0":5,"1":5,"2":5,"3":5,"4":5,"5":2,"6":3,"7":3,"8":3,"9":3,"10":3,"11":1,"12":2,"13":3,"14":1,"15":2,"16":1},"f":{"0":5,"1":3,"2":3},"b":{"0":[2],"1":[5,5,4,3,3],"2":[1],"3":[3,1],"4":[1],"5":[3,1]}}
,"/Users/bytedance/Workspace/SnapCred/src/domain/models/TeamMember.ts": {"path":"/Users/bytedance/Workspace/SnapCred/src/domain/models/TeamMember.ts","statementMap":{"0":{"start":{"line":15,"column":11},"end":{"line":15,"column":null}},"1":{"start":{"line":16,"column":11},"end":{"line":16,"column":null}},"2":{"start":{"line":17,"column":11},"end":{"line":17,"column":null}},"3":{"start":{"line":18,"column":11},"end":{"line":18,"column":null}},"4":{"start":{"line":19,"column":11},"end":{"line":19,"column":null}},"5":{"start":{"line":22,"column":4},"end":{"line":24,"column":5}},"6":{"start":{"line":23,"column":6},"end":{"line":23,"column":53}},"7":{"start":{"line":26,"column":4},"end":{"line":26,"column":23}},"8":{"start":{"line":27,"column":4},"end":{"line":27,"column":27}},"9":{"start":{"line":28,"column":4},"end":{"line":28,"column":29}},"10":{"start":{"line":29,"column":4},"end":{"line":29,"column":31}},"11":{"start":{"line":30,"column":4},"end":{"line":30,"column":25}},"12":{"start":{"line":39,"column":4},"end":{"line":41,"column":5}},"13":{"start":{"line":40,"column":6},"end":{"line":40,"column":27}},"14":{"start":{"line":43,"column":4},"end":{"line":43,"column":25}},"15":{"start":{"line":52,"column":4},"end":{"line":54,"column":5}},"16":{"start":{"line":53,"column":6},"end":{"line":53,"column":25}},"17":{"start":{"line":56,"column":4},"end":{"line":56,"column":23}},"18":{"start":{"line":66,"column":27},"end":{"line":66,"column":77}},"19":{"start":{"line":67,"column":4},"end":{"line":67,"column":45}},"20":{"start":{"line":14,"column":0},"end":{"line":14,"column":13}}},"fnMap":{"0":{"name":"(anonymous_0)","decl":{"start":{"line":21,"column":2},"end":{"line":21,"column":14}},"loc":{"start":{"line":21,"column":36},"end":{"line":31,"column":3}}},"1":{"name":"(anonymous_1)","decl":{"start":{"line":38,"column":2},"end":{"line":38,"column":19}},"loc":{"start":{"line":38,"column":36},"end":{"line":44,"column":3}}},"2":{"name":"(anonymous_2)","decl":{"start":{"line":51,"column":2},"end":{"line":51,"column":17}},"loc":{"start":{"line":51,"column":34},"end":{"line":57,"column":3}}},"3":{"name":"(anonymous_3)","decl":{"start":{"line":64,"column":2},"end":{"line":64,"column":14}},"loc":{"start":{"line":64,"column":31},"end":{"line":68,"column":3}}}},"branchMap":{"0":{"loc":{"start":{"line":22,"column":4},"end":{"line":24,"column":5}},"type":"if","locations":[{"start":{"line":22,"column":4},"end":{"line":24,"column":5}}]},"1":{"loc":{"start":{"line":22,"column":8},"end":{"line":22,"column":89}},"type":"binary-expr","locations":[{"start":{"line":22,"column":8},"end":{"line":22,"column":14}},{"start":{"line":22,"column":18},"end":{"line":22,"column":27}},{"start":{"line":22,"column":31},"end":{"line":22,"column":42}},{"start":{"line":22,"column":46},"end":{"line":22,"column":58}},{"start":{"line":22,"column":62},"end":{"line":22,"column":75}},{"start":{"line":22,"column":79},"end":{"line":22,"column":89}}]},"2":{"loc":{"start":{"line":39,"column":4},"end":{"line":41,"column":5}},"type":"if","locations":[{"start":{"line":39,"column":4},"end":{"line":41,"column":5}}]},"3":{"loc":{"start":{"line":39,"column":8},"end":{"line":39,"column":42}},"type":"binary-expr","locations":[{"start":{"line":39,"column":8},"end":{"line":39,"column":25}},{"start":{"line":39,"column":29},"end":{"line":39,"column":42}}]},"4":{"loc":{"start":{"line":52,"column":4},"end":{"line":54,"column":5}},"type":"if","locations":[{"start":{"line":52,"column":4},"end":{"line":54,"column":5}}]},"5":{"loc":{"start":{"line":52,"column":8},"end":{"line":52,"column":40}},"type":"binary-expr","locations":[{"start":{"line":52,"column":8},"end":{"line":52,"column":25}},{"start":{"line":52,"column":29},"end":{"line":52,"column":40}}]},"6":{"loc":{"start":{"line":66,"column":27},"end":{"line":66,"column":77}},"type":"cond-expr","locations":[{"start":{"line":66,"column":52},"end":{"line":66,"column":60}},{"start":{"line":66,"column":63},"end":{"line":66,"column":77}}]}},"s":{"0":6,"1":6,"2":6,"3":6,"4":6,"5":6,"6":2,"7":4,"8":4,"9":4,"10":4,"11":4,"12":3,"13":1,"14":2,"15":3,"16":1,"17":2,"18":1,"19":1,"20":1},"f":{"0":6,"1":3,"2":3,"3":1},"b":{"0":[2],"1":[6,6,5,4,4,4],"2":[1],"3":[3,1],"4":[1],"5":[3,1],"6":[0,1]}}
}
