{"/Users/bytedance/Workspace/SnapCred/src/app/App.tsx": {"path":"/Users/bytedance/Workspace/SnapCred/src/app/App.tsx","statementMap":{"0":{"start":{"line":2,"column":0},"end":{"line":2,"column":59}},"1":{"start":{"line":3,"column":0},"end":{"line":3,"column":40}},"2":{"start":{"line":4,"column":0},"end":{"line":4,"column":28}},"3":{"start":{"line":6,"column":22},"end":{"line":12,"column":1}},"4":{"start":{"line":7,"column":2},"end":{"line":11,"column":4}},"5":{"start":{"line":14,"column":0},"end":{"line":14,"column":19}}},"fnMap":{"0":{"name":"(anonymous_1)","decl":{"start":{"line":6,"column":22},"end":{"line":6,"column":25}},"loc":{"start":{"line":6,"column":27},"end":{"line":12,"column":1}}}},"branchMap":{},"s":{"0":1,"1":1,"2":1,"3":1,"4":2,"5":1},"f":{"0":2},"b":{}}
,"/Users/bytedance/Workspace/SnapCred/src/app/data/credentialTypes.ts": {"path":"/Users/bytedance/Workspace/SnapCred/src/app/data/credentialTypes.ts","statementMap":{"0":{"start":{"line":1,"column":0},"end":{"line":1,"column":63}},"1":{"start":{"line":6,"column":13},"end":{"line":109,"column":2}}},"fnMap":{},"branchMap":{},"s":{"0":2,"1":2},"f":{},"b":{}}
,"/Users/bytedance/Workspace/SnapCred/src/app/pages/ContactPage.tsx": {"path":"/Users/bytedance/Workspace/SnapCred/src/app/pages/ContactPage.tsx","statementMap":{"0":{"start":{"line":1,"column":0},"end":{"line":1,"column":40}},"1":{"start":{"line":2,"column":0},"end":{"line":2,"column":60}},"2":{"start":{"line":3,"column":0},"end":{"line":3,"column":42}},"3":{"start":{"line":17,"column":30},"end":{"line":338,"column":1}},"4":{"start":{"line":18,"column":34},"end":{"line":22,"column":4}},"5":{"start":{"line":24,"column":30},"end":{"line":24,"column":54}},"6":{"start":{"line":25,"column":40},"end":{"line":25,"column":55}},"7":{"start":{"line":27,"column":23},"end":{"line":46,"column":3}},"8":{"start":{"line":28,"column":34},"end":{"line":28,"column":36}},"9":{"start":{"line":30,"column":4},"end":{"line":32,"column":5}},"10":{"start":{"line":31,"column":6},"end":{"line":31,"column":33}},"11":{"start":{"line":34,"column":4},"end":{"line":38,"column":5}},"12":{"start":{"line":35,"column":6},"end":{"line":35,"column":37}},"13":{"start":{"line":36,"column":11},"end":{"line":38,"column":5}},"14":{"start":{"line":37,"column":6},"end":{"line":37,"column":37}},"15":{"start":{"line":40,"column":4},"end":{"line":42,"column":5}},"16":{"start":{"line":41,"column":6},"end":{"line":41,"column":36}},"17":{"start":{"line":44,"column":4},"end":{"line":44,"column":25}},"18":{"start":{"line":45,"column":4},"end":{"line":45,"column":47}},"19":{"start":{"line":48,"column":23},"end":{"line":56,"column":3}},"20":{"start":{"line":51,"column":28},"end":{"line":51,"column":36}},"21":{"start":{"line":52,"column":4},"end":{"line":55,"column":8}},"22":{"start":{"line":52,"column":27},"end":{"line":55,"column":6}},"23":{"start":{"line":58,"column":23},"end":{"line":74,"column":3}},"24":{"start":{"line":59,"column":4},"end":{"line":59,"column":23}},"25":{"start":{"line":61,"column":4},"end":{"line":73,"column":5}},"26":{"start":{"line":63,"column":6},"end":{"line":63,"column":47}},"27":{"start":{"line":64,"column":6},"end":{"line":64,"column":27}},"28":{"start":{"line":67,"column":6},"end":{"line":71,"column":9}},"29":{"start":{"line":72,"column":6},"end":{"line":72,"column":20}},"30":{"start":{"line":76,"column":2},"end":{"line":337,"column":4}},"31":{"start":{"line":105,"column":33},"end":{"line":105,"column":54}},"32":{"start":{"line":340,"column":0},"end":{"line":340,"column":27}}},"fnMap":{"0":{"name":"(anonymous_1)","decl":{"start":{"line":17,"column":30},"end":{"line":17,"column":33}},"loc":{"start":{"line":17,"column":35},"end":{"line":338,"column":1}}},"1":{"name":"(anonymous_2)","decl":{"start":{"line":27,"column":23},"end":{"line":27,"column":35}},"loc":{"start":{"line":27,"column":37},"end":{"line":46,"column":3}}},"2":{"name":"(anonymous_3)","decl":{"start":{"line":48,"column":23},"end":{"line":48,"column":null}},"loc":{"start":{"line":50,"column":6},"end":{"line":56,"column":3}}},"3":{"name":"(anonymous_4)","decl":{"start":{"line":52,"column":16},"end":{"line":52,"column":17}},"loc":{"start":{"line":52,"column":27},"end":{"line":55,"column":6}}},"4":{"name":"(anonymous_5)","decl":{"start":{"line":58,"column":23},"end":{"line":58,"column":24}},"loc":{"start":{"line":58,"column":46},"end":{"line":74,"column":3}}},"5":{"name":"(anonymous_6)","decl":{"start":{"line":105,"column":27},"end":{"line":105,"column":30}},"loc":{"start":{"line":105,"column":33},"end":{"line":105,"column":54}}}},"branchMap":{"0":{"loc":{"start":{"line":30,"column":4},"end":{"line":32,"column":5}},"type":"if","locations":[{"start":{"line":30,"column":4},"end":{"line":32,"column":5}}]},"1":{"loc":{"start":{"line":34,"column":4},"end":{"line":38,"column":5}},"type":"if","locations":[{"start":{"line":34,"column":4},"end":{"line":38,"column":5}},{"start":{"line":36,"column":11},"end":{"line":38,"column":5}}]},"2":{"loc":{"start":{"line":36,"column":11},"end":{"line":38,"column":5}},"type":"if","locations":[{"start":{"line":36,"column":11},"end":{"line":38,"column":5}}]},"3":{"loc":{"start":{"line":40,"column":4},"end":{"line":42,"column":5}},"type":"if","locations":[{"start":{"line":40,"column":4},"end":{"line":42,"column":5}}]},"4":{"loc":{"start":{"line":61,"column":4},"end":{"line":73,"column":5}},"type":"if","locations":[{"start":{"line":61,"column":4},"end":{"line":73,"column":5}}]},"5":{"loc":{"start":{"line":87,"column":13},"end":{"line":171,"column":null}},"type":"cond-expr","locations":[{"start":{"line":88,"column":14},"end":{"line":108,"column":null}},{"start":{"line":111,"column":14},"end":{"line":170,"column":null}}]},"6":{"loc":{"start":{"line":124,"column":47},"end":{"line":124,"column":73}},"type":"cond-expr","locations":[{"start":{"line":124,"column":61},"end":{"line":124,"column":68}},{"start":{"line":124,"column":71},"end":{"line":124,"column":73}}]},"7":{"loc":{"start":{"line":126,"column":21},"end":{"line":127,"column":null}},"type":"binary-expr","locations":[{"start":{"line":126,"column":21},"end":{"line":126,"column":32}},{"start":{"line":127,"column":22},"end":{"line":127,"column":68}}]},"8":{"loc":{"start":{"line":141,"column":47},"end":{"line":141,"column":74}},"type":"cond-expr","locations":[{"start":{"line":141,"column":62},"end":{"line":141,"column":69}},{"start":{"line":141,"column":72},"end":{"line":141,"column":74}}]},"9":{"loc":{"start":{"line":143,"column":21},"end":{"line":144,"column":null}},"type":"binary-expr","locations":[{"start":{"line":143,"column":21},"end":{"line":143,"column":33}},{"start":{"line":144,"column":22},"end":{"line":144,"column":69}}]},"10":{"loc":{"start":{"line":159,"column":24},"end":{"line":159,"column":null}},"type":"cond-expr","locations":[{"start":{"line":159,"column":41},"end":{"line":159,"column":48}},{"start":{"line":159,"column":51},"end":{"line":159,"column":null}}]},"11":{"loc":{"start":{"line":162,"column":21},"end":{"line":163,"column":null}},"type":"binary-expr","locations":[{"start":{"line":162,"column":21},"end":{"line":162,"column":35}},{"start":{"line":163,"column":22},"end":{"line":163,"column":71}}]}},"s":{"0":1,"1":1,"2":1,"3":1,"4":10,"5":10,"6":10,"7":10,"8":2,"9":2,"10":1,"11":2,"12":1,"13":1,"14":0,"15":2,"16":1,"17":2,"18":2,"19":10,"20":3,"21":3,"22":3,"23":10,"24":2,"25":2,"26":1,"27":1,"28":1,"29":1,"30":10,"31":0,"32":1},"f":{"0":10,"1":2,"2":3,"3":3,"4":2,"5":0},"b":{"0":[1],"1":[1,1],"2":[0],"3":[1],"4":[1],"5":[1,9],"6":[1,8],"7":[9,1],"8":[1,8],"9":[9,1],"10":[1,8],"11":[9,1]}}
,"/Users/bytedance/Workspace/SnapCred/src/app/pages/HomePage.tsx": {"path":"/Users/bytedance/Workspace/SnapCred/src/app/pages/HomePage.tsx","statementMap":{"0":{"start":{"line":2,"column":0},"end":{"line":2,"column":60}},"1":{"start":{"line":3,"column":0},"end":{"line":3,"column":39}},"2":{"start":{"line":4,"column":0},"end":{"line":4,"column":54}},"3":{"start":{"line":5,"column":0},"end":{"line":5,"column":62}},"4":{"start":{"line":6,"column":0},"end":{"line":6,"column":80}},"5":{"start":{"line":7,"column":0},"end":{"line":7,"column":68}},"6":{"start":{"line":8,"column":0},"end":{"line":8,"column":52}},"7":{"start":{"line":9,"column":0},"end":{"line":9,"column":70}},"8":{"start":{"line":10,"column":0},"end":{"line":10,"column":52}},"9":{"start":{"line":12,"column":27},"end":{"line":48,"column":1}},"10":{"start":{"line":13,"column":2},"end":{"line":47,"column":4}},"11":{"start":{"line":50,"column":0},"end":{"line":50,"column":24}}},"fnMap":{"0":{"name":"(anonymous_1)","decl":{"start":{"line":12,"column":27},"end":{"line":12,"column":30}},"loc":{"start":{"line":12,"column":32},"end":{"line":48,"column":1}}}},"branchMap":{},"s":{"0":1,"1":1,"2":1,"3":1,"4":1,"5":1,"6":1,"7":1,"8":1,"9":1,"10":3,"11":1},"f":{"0":3},"b":{}}
,"/Users/bytedance/Workspace/SnapCred/src/app/pages/UploadPage.tsx": {"path":"/Users/bytedance/Workspace/SnapCred/src/app/pages/UploadPage.tsx","statementMap":{"0":{"start":{"line":1,"column":0},"end":{"line":1,"column":40}},"1":{"start":{"line":2,"column":0},"end":{"line":2,"column":60}},"2":{"start":{"line":3,"column":0},"end":{"line":3,"column":70}},"3":{"start":{"line":4,"column":0},"end":{"line":4,"column":84}},"4":{"start":{"line":5,"column":0},"end":{"line":5,"column":70}},"5":{"start":{"line":7,"column":0},"end":{"line":7,"column":60}},"6":{"start":{"line":8,"column":0},"end":{"line":8,"column":41}},"7":{"start":{"line":9,"column":0},"end":{"line":9,"column":56}},"8":{"start":{"line":12,"column":0},"end":{"line":12,"column":null}},"9":{"start":{"line":13,"column":2},"end":{"line":13,"column":null}},"10":{"start":{"line":14,"column":2},"end":{"line":14,"column":null}},"11":{"start":{"line":15,"column":2},"end":{"line":15,"column":null}},"12":{"start":{"line":16,"column":2},"end":{"line":16,"column":null}},"13":{"start":{"line":22,"column":29},"end":{"line":211,"column":1}},"14":{"start":{"line":24,"column":36},"end":{"line":24,"column":73}},"15":{"start":{"line":27,"column":32},"end":{"line":27,"column":59}},"16":{"start":{"line":28,"column":38},"end":{"line":28,"column":67}},"17":{"start":{"line":30,"column":4},"end":{"line":30,"column":41}},"18":{"start":{"line":31,"column":46},"end":{"line":31,"column":75}},"19":{"start":{"line":37,"column":28},"end":{"line":41,"column":3}},"20":{"start":{"line":38,"column":4},"end":{"line":38,"column":27}},"21":{"start":{"line":39,"column":16},"end":{"line":39,"column":41}},"22":{"start":{"line":40,"column":4},"end":{"line":40,"column":23}},"23":{"start":{"line":46,"column":25},"end":{"line":50,"column":3}},"24":{"start":{"line":47,"column":4},"end":{"line":49,"column":5}},"25":{"start":{"line":48,"column":6},"end":{"line":48,"column":37}},"26":{"start":{"line":55,"column":29},"end":{"line":58,"column":3}},"27":{"start":{"line":56,"column":4},"end":{"line":56,"column":35}},"28":{"start":{"line":57,"column":4},"end":{"line":57,"column":36}},"29":{"start":{"line":64,"column":37},"end":{"line":67,"column":3}},"30":{"start":{"line":65,"column":4},"end":{"line":65,"column":36}},"31":{"start":{"line":66,"column":4},"end":{"line":66,"column":33}},"32":{"start":{"line":72,"column":29},"end":{"line":74,"column":3}},"33":{"start":{"line":73,"column":4},"end":{"line":73,"column":35}},"34":{"start":{"line":80,"column":29},"end":{"line":83,"column":3}},"35":{"start":{"line":81,"column":4},"end":{"line":81,"column":33}},"36":{"start":{"line":82,"column":4},"end":{"line":82,"column":35}},"37":{"start":{"line":88,"column":24},"end":{"line":94,"column":3}},"38":{"start":{"line":89,"column":4},"end":{"line":89,"column":27}},"39":{"start":{"line":90,"column":4},"end":{"line":90,"column":24}},"40":{"start":{"line":91,"column":4},"end":{"line":91,"column":36}},"41":{"start":{"line":92,"column":4},"end":{"line":92,"column":28}},"42":{"start":{"line":93,"column":4},"end":{"line":93,"column":35}},"43":{"start":{"line":99,"column":24},"end":{"line":202,"column":3}},"44":{"start":{"line":100,"column":4},"end":{"line":201,"column":5}},"45":{"start":{"line":102,"column":8},"end":{"line":136,"column":10}},"46":{"start":{"line":124,"column":22},"end":{"line":124,"column":45}},"47":{"start":{"line":125,"column":22},"end":{"line":125,"column":42}},"48":{"start":{"line":139,"column":8},"end":{"line":146,"column":17}},"49":{"start":{"line":149,"column":8},"end":{"line":156,"column":17}},"50":{"start":{"line":159,"column":8},"end":{"line":197,"column":17}},"51":{"start":{"line":200,"column":8},"end":{"line":200,"column":37}},"52":{"start":{"line":204,"column":2},"end":{"line":210,"column":4}},"53":{"start":{"line":213,"column":0},"end":{"line":213,"column":26}}},"fnMap":{"0":{"name":"(anonymous_1)","decl":{"start":{"line":12,"column":0},"end":{"line":12,"column":5}},"loc":{"start":{"line":12,"column":14},"end":{"line":17,"column":1}}},"1":{"name":"(anonymous_2)","decl":{"start":{"line":22,"column":29},"end":{"line":22,"column":32}},"loc":{"start":{"line":22,"column":34},"end":{"line":211,"column":1}}},"2":{"name":"(anonymous_3)","decl":{"start":{"line":37,"column":28},"end":{"line":37,"column":29}},"loc":{"start":{"line":37,"column":43},"end":{"line":41,"column":3}}},"3":{"name":"(anonymous_4)","decl":{"start":{"line":46,"column":25},"end":{"line":46,"column":28}},"loc":{"start":{"line":46,"column":30},"end":{"line":50,"column":3}}},"4":{"name":"(anonymous_5)","decl":{"start":{"line":55,"column":29},"end":{"line":55,"column":32}},"loc":{"start":{"line":55,"column":34},"end":{"line":58,"column":3}}},"5":{"name":"(anonymous_6)","decl":{"start":{"line":64,"column":37},"end":{"line":64,"column":38}},"loc":{"start":{"line":64,"column":62},"end":{"line":67,"column":3}}},"6":{"name":"(anonymous_7)","decl":{"start":{"line":72,"column":29},"end":{"line":72,"column":32}},"loc":{"start":{"line":72,"column":34},"end":{"line":74,"column":3}}},"7":{"name":"(anonymous_8)","decl":{"start":{"line":80,"column":29},"end":{"line":80,"column":30}},"loc":{"start":{"line":80,"column":51},"end":{"line":83,"column":3}}},"8":{"name":"(anonymous_9)","decl":{"start":{"line":88,"column":24},"end":{"line":88,"column":27}},"loc":{"start":{"line":88,"column":29},"end":{"line":94,"column":3}}},"9":{"name":"(anonymous_10)","decl":{"start":{"line":99,"column":24},"end":{"line":99,"column":27}},"loc":{"start":{"line":99,"column":29},"end":{"line":202,"column":3}}},"10":{"name":"(anonymous_11)","decl":{"start":{"line":123,"column":29},"end":{"line":123,"column":32}},"loc":{"start":{"line":123,"column":34},"end":{"line":126,"column":21}}}},"branchMap":{"0":{"loc":{"start":{"line":12,"column":5},"end":{"line":12,"column":null}},"type":"binary-expr","locations":[{"start":{"line":12,"column":5},"end":{"line":12,"column":14}},{"start":{"line":12,"column":5},"end":{"line":12,"column":null}}]},"1":{"loc":{"start":{"line":47,"column":4},"end":{"line":49,"column":5}},"type":"if","locations":[{"start":{"line":47,"column":4},"end":{"line":49,"column":5}}]},"2":{"loc":{"start":{"line":100,"column":4},"end":{"line":201,"column":5}},"type":"switch","locations":[{"start":{"line":101,"column":6},"end":{"line":136,"column":10}},{"start":{"line":138,"column":6},"end":{"line":146,"column":17}},{"start":{"line":148,"column":6},"end":{"line":156,"column":17}},{"start":{"line":158,"column":6},"end":{"line":197,"column":17}},{"start":{"line":199,"column":6},"end":{"line":200,"column":37}}]},"3":{"loc":{"start":{"line":109,"column":13},"end":{"line":133,"column":null}},"type":"binary-expr","locations":[{"start":{"line":109,"column":13},"end":{"line":109,"column":23}},{"start":{"line":110,"column":14},"end":{"line":132,"column":null}}]},"4":{"loc":{"start":{"line":139,"column":15},"end":{"line":146,"column":16}},"type":"cond-expr","locations":[{"start":{"line":140,"column":10},"end":{"line":144,"column":null}},{"start":{"line":146,"column":12},"end":{"line":146,"column":16}}]},"5":{"loc":{"start":{"line":149,"column":15},"end":{"line":156,"column":16}},"type":"cond-expr","locations":[{"start":{"line":150,"column":10},"end":{"line":154,"column":null}},{"start":{"line":156,"column":12},"end":{"line":156,"column":16}}]},"6":{"loc":{"start":{"line":149,"column":15},"end":{"line":149,"column":51}},"type":"binary-expr","locations":[{"start":{"line":149,"column":15},"end":{"line":149,"column":37}},{"start":{"line":149,"column":41},"end":{"line":149,"column":51}}]},"7":{"loc":{"start":{"line":159,"column":15},"end":{"line":197,"column":16}},"type":"cond-expr","locations":[{"start":{"line":160,"column":10},"end":{"line":195,"column":null}},{"start":{"line":197,"column":12},"end":{"line":197,"column":16}}]},"8":{"loc":{"start":{"line":159,"column":15},"end":{"line":159,"column":55}},"type":"binary-expr","locations":[{"start":{"line":159,"column":15},"end":{"line":159,"column":29}},{"start":{"line":159,"column":33},"end":{"line":159,"column":55}}]}},"s":{"0":2,"1":2,"2":2,"3":2,"4":2,"5":2,"6":2,"7":2,"8":2,"9":2,"10":2,"11":2,"12":2,"13":2,"14":11,"15":11,"16":11,"17":11,"18":11,"19":11,"20":3,"21":3,"22":3,"23":11,"24":0,"25":0,"26":11,"27":0,"28":0,"29":11,"30":0,"31":0,"32":11,"33":0,"34":11,"35":0,"36":0,"37":11,"38":0,"39":0,"40":0,"41":0,"42":0,"43":11,"44":11,"45":11,"46":1,"47":1,"48":0,"49":0,"50":0,"51":0,"52":11,"53":2},"f":{"0":2,"1":11,"2":3,"3":0,"4":0,"5":0,"6":0,"7":0,"8":0,"9":11,"10":1},"b":{"0":[2,2],"1":[0],"2":[11,0,0,0,0],"3":[11,3],"4":[0,0],"5":[0,0],"6":[0,0],"7":[0,0],"8":[0,0]}}
,"/Users/bytedance/Workspace/SnapCred/src/app/routes/Routes.tsx": {"path":"/Users/bytedance/Workspace/SnapCred/src/app/routes/Routes.tsx","statementMap":{"0":{"start":{"line":2,"column":0},"end":{"line":2,"column":49}},"1":{"start":{"line":3,"column":0},"end":{"line":3,"column":43}},"2":{"start":{"line":4,"column":0},"end":{"line":4,"column":45}},"3":{"start":{"line":5,"column":0},"end":{"line":5,"column":45}},"4":{"start":{"line":6,"column":0},"end":{"line":6,"column":49}},"5":{"start":{"line":7,"column":0},"end":{"line":7,"column":47}},"6":{"start":{"line":9,"column":28},"end":{"line":19,"column":1}},"7":{"start":{"line":10,"column":2},"end":{"line":18,"column":4}},"8":{"start":{"line":21,"column":0},"end":{"line":21,"column":25}}},"fnMap":{"0":{"name":"(anonymous_1)","decl":{"start":{"line":9,"column":28},"end":{"line":9,"column":31}},"loc":{"start":{"line":9,"column":33},"end":{"line":19,"column":1}}}},"branchMap":{},"s":{"0":1,"1":1,"2":1,"3":1,"4":1,"5":1,"6":1,"7":4,"8":1},"f":{"0":4},"b":{}}
,"/Users/bytedance/Workspace/SnapCred/src/domain/models/CredentialType.ts": {"path":"/Users/bytedance/Workspace/SnapCred/src/domain/models/CredentialType.ts","statementMap":{"0":{"start":{"line":21,"column":11},"end":{"line":21,"column":null}},"1":{"start":{"line":22,"column":11},"end":{"line":22,"column":null}},"2":{"start":{"line":23,"column":11},"end":{"line":23,"column":null}},"3":{"start":{"line":24,"column":11},"end":{"line":24,"column":null}},"4":{"start":{"line":25,"column":11},"end":{"line":25,"column":null}},"5":{"start":{"line":26,"column":11},"end":{"line":26,"column":null}},"6":{"start":{"line":29,"column":4},"end":{"line":32,"column":5}},"7":{"start":{"line":31,"column":6},"end":{"line":31,"column":53}},"8":{"start":{"line":34,"column":4},"end":{"line":34,"column":23}},"9":{"start":{"line":35,"column":4},"end":{"line":35,"column":27}},"10":{"start":{"line":36,"column":4},"end":{"line":36,"column":41}},"11":{"start":{"line":37,"column":4},"end":{"line":37,"column":27}},"12":{"start":{"line":38,"column":4},"end":{"line":38,"column":39}},"13":{"start":{"line":39,"column":4},"end":{"line":39,"column":43}},"14":{"start":{"line":48,"column":4},"end":{"line":50,"column":5}},"15":{"start":{"line":49,"column":6},"end":{"line":49,"column":26}},"16":{"start":{"line":52,"column":4},"end":{"line":52,"column":24}},"17":{"start":{"line":61,"column":4},"end":{"line":63,"column":5}},"18":{"start":{"line":62,"column":6},"end":{"line":62,"column":33}},"19":{"start":{"line":65,"column":4},"end":{"line":65,"column":31}},"20":{"start":{"line":75,"column":21},"end":{"line":75,"column":25}},"21":{"start":{"line":76,"column":4},"end":{"line":79,"column":6}},"22":{"start":{"line":20,"column":0},"end":{"line":20,"column":13}}},"fnMap":{"0":{"name":"(anonymous_0)","decl":{"start":{"line":28,"column":2},"end":{"line":28,"column":14}},"loc":{"start":{"line":28,"column":40},"end":{"line":40,"column":3}}},"1":{"name":"(anonymous_1)","decl":{"start":{"line":47,"column":2},"end":{"line":47,"column":18}},"loc":{"start":{"line":47,"column":35},"end":{"line":53,"column":3}}},"2":{"name":"(anonymous_2)","decl":{"start":{"line":60,"column":2},"end":{"line":60,"column":25}},"loc":{"start":{"line":60,"column":42},"end":{"line":66,"column":3}}},"3":{"name":"(anonymous_3)","decl":{"start":{"line":73,"column":2},"end":{"line":73,"column":23}},"loc":{"start":{"line":73,"column":41},"end":{"line":80,"column":3}}}},"branchMap":{"0":{"loc":{"start":{"line":29,"column":4},"end":{"line":32,"column":5}},"type":"if","locations":[{"start":{"line":29,"column":4},"end":{"line":32,"column":5}}]},"1":{"loc":{"start":{"line":29,"column":8},"end":{"line":30,"column":63}},"type":"binary-expr","locations":[{"start":{"line":29,"column":8},"end":{"line":29,"column":14}},{"start":{"line":29,"column":18},"end":{"line":29,"column":27}},{"start":{"line":29,"column":31},"end":{"line":29,"column":42}},{"start":{"line":29,"column":46},"end":{"line":29,"column":64}},{"start":{"line":30,"column":8},"end":{"line":30,"column":19}},{"start":{"line":30,"column":23},"end":{"line":30,"column":40}},{"start":{"line":30,"column":44},"end":{"line":30,"column":63}}]},"2":{"loc":{"start":{"line":48,"column":4},"end":{"line":50,"column":5}},"type":"if","locations":[{"start":{"line":48,"column":4},"end":{"line":50,"column":5}}]},"3":{"loc":{"start":{"line":48,"column":8},"end":{"line":48,"column":41}},"type":"binary-expr","locations":[{"start":{"line":48,"column":8},"end":{"line":48,"column":25}},{"start":{"line":48,"column":29},"end":{"line":48,"column":41}}]},"4":{"loc":{"start":{"line":61,"column":4},"end":{"line":63,"column":5}},"type":"if","locations":[{"start":{"line":61,"column":4},"end":{"line":63,"column":5}}]},"5":{"loc":{"start":{"line":61,"column":8},"end":{"line":61,"column":48}},"type":"binary-expr","locations":[{"start":{"line":61,"column":8},"end":{"line":61,"column":25}},{"start":{"line":61,"column":29},"end":{"line":61,"column":48}}]},"6":{"loc":{"start":{"line":73,"column":24},"end":{"line":73,"column":41}},"type":"default-arg","locations":[{"start":{"line":73,"column":38},"end":{"line":73,"column":41}}]}},"s":{"0":21,"1":21,"2":21,"3":21,"4":21,"5":21,"6":21,"7":2,"8":19,"9":19,"10":19,"11":19,"12":19,"13":19,"14":3,"15":1,"16":2,"17":3,"18":1,"19":2,"20":1,"21":1,"22":5},"f":{"0":21,"1":3,"2":3,"3":1},"b":{"0":[2],"1":[21,21,20,19,19,19,19],"2":[1],"3":[3,1],"4":[1],"5":[3,1],"6":[0]}}
,"/Users/bytedance/Workspace/SnapCred/src/domain/models/FAQ.ts": {"path":"/Users/bytedance/Workspace/SnapCred/src/domain/models/FAQ.ts","statementMap":{"0":{"start":{"line":14,"column":11},"end":{"line":14,"column":null}},"1":{"start":{"line":15,"column":11},"end":{"line":15,"column":null}},"2":{"start":{"line":16,"column":11},"end":{"line":16,"column":null}},"3":{"start":{"line":17,"column":11},"end":{"line":17,"column":null}},"4":{"start":{"line":20,"column":4},"end":{"line":22,"column":5}},"5":{"start":{"line":21,"column":6},"end":{"line":21,"column":53}},"6":{"start":{"line":24,"column":4},"end":{"line":24,"column":23}},"7":{"start":{"line":25,"column":4},"end":{"line":25,"column":35}},"8":{"start":{"line":26,"column":4},"end":{"line":26,"column":31}},"9":{"start":{"line":27,"column":4},"end":{"line":27,"column":35}},"10":{"start":{"line":36,"column":4},"end":{"line":38,"column":5}},"11":{"start":{"line":37,"column":6},"end":{"line":37,"column":30}},"12":{"start":{"line":40,"column":4},"end":{"line":40,"column":28}},"13":{"start":{"line":49,"column":4},"end":{"line":51,"column":5}},"14":{"start":{"line":50,"column":6},"end":{"line":50,"column":28}},"15":{"start":{"line":53,"column":4},"end":{"line":53,"column":26}},"16":{"start":{"line":13,"column":0},"end":{"line":13,"column":13}}},"fnMap":{"0":{"name":"(anonymous_0)","decl":{"start":{"line":19,"column":2},"end":{"line":19,"column":14}},"loc":{"start":{"line":19,"column":29},"end":{"line":28,"column":3}}},"1":{"name":"(anonymous_1)","decl":{"start":{"line":35,"column":2},"end":{"line":35,"column":22}},"loc":{"start":{"line":35,"column":39},"end":{"line":41,"column":3}}},"2":{"name":"(anonymous_2)","decl":{"start":{"line":48,"column":2},"end":{"line":48,"column":20}},"loc":{"start":{"line":48,"column":37},"end":{"line":54,"column":3}}}},"branchMap":{"0":{"loc":{"start":{"line":20,"column":4},"end":{"line":22,"column":5}},"type":"if","locations":[{"start":{"line":20,"column":4},"end":{"line":22,"column":5}}]},"1":{"loc":{"start":{"line":20,"column":8},"end":{"line":20,"column":82}},"type":"binary-expr","locations":[{"start":{"line":20,"column":8},"end":{"line":20,"column":14}},{"start":{"line":20,"column":18},"end":{"line":20,"column":27}},{"start":{"line":20,"column":31},"end":{"line":20,"column":46}},{"start":{"line":20,"column":50},"end":{"line":20,"column":63}},{"start":{"line":20,"column":67},"end":{"line":20,"column":82}}]},"2":{"loc":{"start":{"line":36,"column":4},"end":{"line":38,"column":5}},"type":"if","locations":[{"start":{"line":36,"column":4},"end":{"line":38,"column":5}}]},"3":{"loc":{"start":{"line":36,"column":8},"end":{"line":36,"column":45}},"type":"binary-expr","locations":[{"start":{"line":36,"column":8},"end":{"line":36,"column":25}},{"start":{"line":36,"column":29},"end":{"line":36,"column":45}}]},"4":{"loc":{"start":{"line":49,"column":4},"end":{"line":51,"column":5}},"type":"if","locations":[{"start":{"line":49,"column":4},"end":{"line":51,"column":5}}]},"5":{"loc":{"start":{"line":49,"column":8},"end":{"line":49,"column":43}},"type":"binary-expr","locations":[{"start":{"line":49,"column":8},"end":{"line":49,"column":25}},{"start":{"line":49,"column":29},"end":{"line":49,"column":43}}]}},"s":{"0":15,"1":15,"2":15,"3":15,"4":15,"5":2,"6":13,"7":13,"8":13,"9":13,"10":53,"11":51,"12":2,"13":53,"14":51,"15":2,"16":3},"f":{"0":15,"1":53,"2":53},"b":{"0":[2],"1":[15,15,14,13,13],"2":[51],"3":[53,51],"4":[51],"5":[53,51]}}
,"/Users/bytedance/Workspace/SnapCred/src/domain/models/TeamMember.ts": {"path":"/Users/bytedance/Workspace/SnapCred/src/domain/models/TeamMember.ts","statementMap":{"0":{"start":{"line":15,"column":11},"end":{"line":15,"column":null}},"1":{"start":{"line":16,"column":11},"end":{"line":16,"column":null}},"2":{"start":{"line":17,"column":11},"end":{"line":17,"column":null}},"3":{"start":{"line":18,"column":11},"end":{"line":18,"column":null}},"4":{"start":{"line":19,"column":11},"end":{"line":19,"column":null}},"5":{"start":{"line":22,"column":4},"end":{"line":24,"column":5}},"6":{"start":{"line":23,"column":6},"end":{"line":23,"column":53}},"7":{"start":{"line":26,"column":4},"end":{"line":26,"column":23}},"8":{"start":{"line":27,"column":4},"end":{"line":27,"column":27}},"9":{"start":{"line":28,"column":4},"end":{"line":28,"column":29}},"10":{"start":{"line":29,"column":4},"end":{"line":29,"column":31}},"11":{"start":{"line":30,"column":4},"end":{"line":30,"column":25}},"12":{"start":{"line":39,"column":4},"end":{"line":41,"column":5}},"13":{"start":{"line":40,"column":6},"end":{"line":40,"column":27}},"14":{"start":{"line":43,"column":4},"end":{"line":43,"column":25}},"15":{"start":{"line":52,"column":4},"end":{"line":54,"column":5}},"16":{"start":{"line":53,"column":6},"end":{"line":53,"column":25}},"17":{"start":{"line":56,"column":4},"end":{"line":56,"column":23}},"18":{"start":{"line":66,"column":27},"end":{"line":66,"column":77}},"19":{"start":{"line":67,"column":4},"end":{"line":67,"column":45}},"20":{"start":{"line":14,"column":0},"end":{"line":14,"column":13}}},"fnMap":{"0":{"name":"(anonymous_0)","decl":{"start":{"line":21,"column":2},"end":{"line":21,"column":14}},"loc":{"start":{"line":21,"column":36},"end":{"line":31,"column":3}}},"1":{"name":"(anonymous_1)","decl":{"start":{"line":38,"column":2},"end":{"line":38,"column":19}},"loc":{"start":{"line":38,"column":36},"end":{"line":44,"column":3}}},"2":{"name":"(anonymous_2)","decl":{"start":{"line":51,"column":2},"end":{"line":51,"column":17}},"loc":{"start":{"line":51,"column":34},"end":{"line":57,"column":3}}},"3":{"name":"(anonymous_3)","decl":{"start":{"line":64,"column":2},"end":{"line":64,"column":14}},"loc":{"start":{"line":64,"column":31},"end":{"line":68,"column":3}}}},"branchMap":{"0":{"loc":{"start":{"line":22,"column":4},"end":{"line":24,"column":5}},"type":"if","locations":[{"start":{"line":22,"column":4},"end":{"line":24,"column":5}}]},"1":{"loc":{"start":{"line":22,"column":8},"end":{"line":22,"column":89}},"type":"binary-expr","locations":[{"start":{"line":22,"column":8},"end":{"line":22,"column":14}},{"start":{"line":22,"column":18},"end":{"line":22,"column":27}},{"start":{"line":22,"column":31},"end":{"line":22,"column":42}},{"start":{"line":22,"column":46},"end":{"line":22,"column":58}},{"start":{"line":22,"column":62},"end":{"line":22,"column":75}},{"start":{"line":22,"column":79},"end":{"line":22,"column":89}}]},"2":{"loc":{"start":{"line":39,"column":4},"end":{"line":41,"column":5}},"type":"if","locations":[{"start":{"line":39,"column":4},"end":{"line":41,"column":5}}]},"3":{"loc":{"start":{"line":39,"column":8},"end":{"line":39,"column":42}},"type":"binary-expr","locations":[{"start":{"line":39,"column":8},"end":{"line":39,"column":25}},{"start":{"line":39,"column":29},"end":{"line":39,"column":42}}]},"4":{"loc":{"start":{"line":52,"column":4},"end":{"line":54,"column":5}},"type":"if","locations":[{"start":{"line":52,"column":4},"end":{"line":54,"column":5}}]},"5":{"loc":{"start":{"line":52,"column":8},"end":{"line":52,"column":40}},"type":"binary-expr","locations":[{"start":{"line":52,"column":8},"end":{"line":52,"column":25}},{"start":{"line":52,"column":29},"end":{"line":52,"column":40}}]},"6":{"loc":{"start":{"line":66,"column":27},"end":{"line":66,"column":77}},"type":"cond-expr","locations":[{"start":{"line":66,"column":52},"end":{"line":66,"column":60}},{"start":{"line":66,"column":63},"end":{"line":66,"column":77}}]}},"s":{"0":6,"1":6,"2":6,"3":6,"4":6,"5":6,"6":2,"7":4,"8":4,"9":4,"10":4,"11":4,"12":3,"13":1,"14":2,"15":3,"16":1,"17":2,"18":1,"19":1,"20":1},"f":{"0":6,"1":3,"2":3,"3":1},"b":{"0":[2],"1":[6,6,5,4,4,4],"2":[1],"3":[3,1],"4":[1],"5":[3,1],"6":[0,1]}}
,"/Users/bytedance/Workspace/SnapCred/src/presentation/components/home/CTA.tsx": {"path":"/Users/bytedance/Workspace/SnapCred/src/presentation/components/home/CTA.tsx","statementMap":{"0":{"start":{"line":2,"column":0},"end":{"line":2,"column":40}},"1":{"start":{"line":3,"column":0},"end":{"line":3,"column":42}},"2":{"start":{"line":12,"column":32},"end":{"line":29,"column":1}},"3":{"start":{"line":18,"column":2},"end":{"line":28,"column":4}},"4":{"start":{"line":31,"column":0},"end":{"line":31,"column":19}}},"fnMap":{"0":{"name":"(anonymous_0)","decl":{"start":{"line":12,"column":32},"end":{"line":12,"column":33}},"loc":{"start":{"line":17,"column":5},"end":{"line":29,"column":1}}}},"branchMap":{"0":{"loc":{"start":{"line":13,"column":2},"end":{"line":13,"column":23}},"type":"default-arg","locations":[{"start":{"line":13,"column":10},"end":{"line":13,"column":23}}]},"1":{"loc":{"start":{"line":14,"column":2},"end":{"line":14,"column":42}},"type":"default-arg","locations":[{"start":{"line":14,"column":16},"end":{"line":14,"column":42}}]},"2":{"loc":{"start":{"line":15,"column":2},"end":{"line":15,"column":21}},"type":"default-arg","locations":[{"start":{"line":15,"column":15},"end":{"line":15,"column":21}}]},"3":{"loc":{"start":{"line":16,"column":2},"end":{"line":16,"column":24}},"type":"default-arg","locations":[{"start":{"line":16,"column":15},"end":{"line":16,"column":24}}]}},"s":{"0":2,"1":2,"2":2,"3":8,"4":2},"f":{"0":8},"b":{"0":[7],"1":[7],"2":[7],"3":[7]}}
,"/Users/bytedance/Workspace/SnapCred/src/presentation/components/home/CredentialTypes.tsx": {"path":"/Users/bytedance/Workspace/SnapCred/src/presentation/components/home/CredentialTypes.tsx","statementMap":{"0":{"start":{"line":2,"column":0},"end":{"line":2,"column":54}},"1":{"start":{"line":3,"column":0},"end":{"line":3,"column":40}},"2":{"start":{"line":5,"column":41},"end":{"line":139,"column":1}},"3":{"start":{"line":6,"column":2},"end":{"line":138,"column":4}},"4":{"start":{"line":5,"column":13},"end":{"line":5,"column":41}}},"fnMap":{"0":{"name":"(anonymous_0)","decl":{"start":{"line":5,"column":41},"end":{"line":5,"column":44}},"loc":{"start":{"line":5,"column":46},"end":{"line":139,"column":1}}}},"branchMap":{},"s":{"0":2,"1":2,"2":2,"3":11,"4":2},"f":{"0":11},"b":{}}
,"/Users/bytedance/Workspace/SnapCred/src/presentation/components/home/FAQ.tsx": {"path":"/Users/bytedance/Workspace/SnapCred/src/presentation/components/home/FAQ.tsx","statementMap":{"0":{"start":{"line":1,"column":0},"end":{"line":1,"column":40}},"1":{"start":{"line":2,"column":0},"end":{"line":2,"column":61}},"2":{"start":{"line":3,"column":0},"end":{"line":3,"column":60}},"3":{"start":{"line":6,"column":28},"end":{"line":67,"column":2}},"4":{"start":{"line":69,"column":22},"end":{"line":131,"column":1}},"5":{"start":{"line":71,"column":44},"end":{"line":72,"column":null}},"6":{"start":{"line":76,"column":21},"end":{"line":81,"column":3}},"7":{"start":{"line":77,"column":4},"end":{"line":80,"column":8}},"8":{"start":{"line":77,"column":32},"end":{"line":80,"column":6}},"9":{"start":{"line":84,"column":19},"end":{"line":84,"column":23}},"10":{"start":{"line":86,"column":2},"end":{"line":130,"column":4}},"11":{"start":{"line":93,"column":12},"end":{"line":93,"column":30}},"12":{"start":{"line":96,"column":31},"end":{"line":96,"column":49}},"13":{"start":{"line":133,"column":0},"end":{"line":133,"column":19}}},"fnMap":{"0":{"name":"(anonymous_0)","decl":{"start":{"line":69,"column":22},"end":{"line":69,"column":25}},"loc":{"start":{"line":69,"column":27},"end":{"line":131,"column":1}}},"1":{"name":"(anonymous_1)","decl":{"start":{"line":76,"column":21},"end":{"line":76,"column":22}},"loc":{"start":{"line":76,"column":36},"end":{"line":81,"column":3}}},"2":{"name":"(anonymous_2)","decl":{"start":{"line":77,"column":21},"end":{"line":77,"column":22}},"loc":{"start":{"line":77,"column":32},"end":{"line":80,"column":6}}},"3":{"name":"(anonymous_3)","decl":{"start":{"line":92,"column":23},"end":{"line":92,"column":24}},"loc":{"start":{"line":93,"column":12},"end":{"line":93,"column":30}}},"4":{"name":"(anonymous_4)","decl":{"start":{"line":96,"column":25},"end":{"line":96,"column":28}},"loc":{"start":{"line":96,"column":31},"end":{"line":96,"column":49}}}},"branchMap":{"0":{"loc":{"start":{"line":101,"column":37},"end":{"line":101,"column":76}},"type":"cond-expr","locations":[{"start":{"line":101,"column":61},"end":{"line":101,"column":71}},{"start":{"line":101,"column":74},"end":{"line":101,"column":76}}]},"1":{"loc":{"start":{"line":103,"column":19},"end":{"line":103,"column":78}},"type":"cond-expr","locations":[{"start":{"line":103,"column":43},"end":{"line":103,"column":58}},{"start":{"line":103,"column":61},"end":{"line":103,"column":78}}]},"2":{"loc":{"start":{"line":109,"column":18},"end":{"line":109,"column":null}},"type":"cond-expr","locations":[{"start":{"line":109,"column":42},"end":{"line":109,"column":52}},{"start":{"line":109,"column":55},"end":{"line":109,"column":null}}]},"3":{"loc":{"start":{"line":113,"column":30},"end":{"line":113,"column":74}},"type":"cond-expr","locations":[{"start":{"line":113,"column":54},"end":{"line":113,"column":63}},{"start":{"line":113,"column":66},"end":{"line":113,"column":74}}]}},"s":{"0":2,"1":2,"2":2,"3":2,"4":2,"5":10,"6":10,"7":2,"8":2,"9":10,"10":10,"11":50,"12":2,"13":2},"f":{"0":10,"1":2,"2":2,"3":50,"4":2},"b":{"0":[1,49],"1":[1,49],"2":[1,49],"3":[1,49]}}
,"/Users/bytedance/Workspace/SnapCred/src/presentation/components/home/Features.tsx": {"path":"/Users/bytedance/Workspace/SnapCred/src/presentation/components/home/Features.tsx","statementMap":{"0":{"start":{"line":2,"column":0},"end":{"line":2,"column":47}},"1":{"start":{"line":11,"column":27},"end":{"line":151,"column":1}},"2":{"start":{"line":12,"column":34},"end":{"line":123,"column":4}},"3":{"start":{"line":125,"column":2},"end":{"line":150,"column":4}},"4":{"start":{"line":133,"column":10},"end":{"line":134,"column":null}},"5":{"start":{"line":153,"column":0},"end":{"line":153,"column":24}}},"fnMap":{"0":{"name":"(anonymous_0)","decl":{"start":{"line":11,"column":27},"end":{"line":11,"column":30}},"loc":{"start":{"line":11,"column":32},"end":{"line":151,"column":1}}},"1":{"name":"(anonymous_1)","decl":{"start":{"line":132,"column":26},"end":{"line":132,"column":27}},"loc":{"start":{"line":133,"column":10},"end":{"line":134,"column":null}}}},"branchMap":{},"s":{"0":2,"1":2,"2":9,"3":9,"4":54,"5":2},"f":{"0":9,"1":54},"b":{}}
,"/Users/bytedance/Workspace/SnapCred/src/presentation/components/home/Hero.tsx": {"path":"/Users/bytedance/Workspace/SnapCred/src/presentation/components/home/Hero.tsx","statementMap":{"0":{"start":{"line":2,"column":0},"end":{"line":2,"column":40}},"1":{"start":{"line":3,"column":0},"end":{"line":3,"column":43}},"2":{"start":{"line":5,"column":23},"end":{"line":24,"column":1}},"3":{"start":{"line":6,"column":2},"end":{"line":23,"column":4}},"4":{"start":{"line":26,"column":0},"end":{"line":26,"column":20}}},"fnMap":{"0":{"name":"(anonymous_0)","decl":{"start":{"line":5,"column":23},"end":{"line":5,"column":26}},"loc":{"start":{"line":5,"column":28},"end":{"line":24,"column":1}}}},"branchMap":{},"s":{"0":2,"1":2,"2":2,"3":9,"4":2},"f":{"0":9},"b":{}}
,"/Users/bytedance/Workspace/SnapCred/src/presentation/components/home/ProcessFlow.tsx": {"path":"/Users/bytedance/Workspace/SnapCred/src/presentation/components/home/ProcessFlow.tsx","statementMap":{"0":{"start":{"line":2,"column":0},"end":{"line":2,"column":71}},"1":{"start":{"line":11,"column":36},"end":{"line":36,"column":2}},"2":{"start":{"line":38,"column":30},"end":{"line":66,"column":1}},"3":{"start":{"line":39,"column":2},"end":{"line":65,"column":4}},"4":{"start":{"line":46,"column":12},"end":{"line":47,"column":null}},"5":{"start":{"line":68,"column":0},"end":{"line":68,"column":27}}},"fnMap":{"0":{"name":"(anonymous_0)","decl":{"start":{"line":38,"column":30},"end":{"line":38,"column":33}},"loc":{"start":{"line":38,"column":35},"end":{"line":66,"column":1}}},"1":{"name":"(anonymous_1)","decl":{"start":{"line":45,"column":28},"end":{"line":45,"column":29}},"loc":{"start":{"line":46,"column":12},"end":{"line":47,"column":null}}}},"branchMap":{},"s":{"0":2,"1":2,"2":2,"3":7,"4":28,"5":2},"f":{"0":7,"1":28},"b":{}}
,"/Users/bytedance/Workspace/SnapCred/src/presentation/components/home/Testimonials.tsx": {"path":"/Users/bytedance/Workspace/SnapCred/src/presentation/components/home/Testimonials.tsx","statementMap":{"0":{"start":{"line":2,"column":0},"end":{"line":2,"column":51}},"1":{"start":{"line":3,"column":0},"end":{"line":3,"column":44}},"2":{"start":{"line":16,"column":39},"end":{"line":61,"column":2}},"3":{"start":{"line":64,"column":49},"end":{"line":77,"column":1}},"4":{"start":{"line":65,"column":2},"end":{"line":76,"column":4}},"5":{"start":{"line":68,"column":8},"end":{"line":69,"column":null}},"6":{"start":{"line":79,"column":38},"end":{"line":140,"column":1}},"7":{"start":{"line":80,"column":2},"end":{"line":139,"column":4}},"8":{"start":{"line":89,"column":12},"end":{"line":90,"column":null}},"9":{"start":{"line":79,"column":13},"end":{"line":79,"column":38}},"10":{"start":{"line":142,"column":0},"end":{"line":142,"column":28}}},"fnMap":{"0":{"name":"(anonymous_1)","decl":{"start":{"line":64,"column":49},"end":{"line":64,"column":50}},"loc":{"start":{"line":64,"column":64},"end":{"line":77,"column":1}}},"1":{"name":"(anonymous_2)","decl":{"start":{"line":67,"column":37},"end":{"line":67,"column":38}},"loc":{"start":{"line":68,"column":8},"end":{"line":69,"column":null}}},"2":{"name":"(anonymous_3)","decl":{"start":{"line":79,"column":38},"end":{"line":79,"column":41}},"loc":{"start":{"line":79,"column":43},"end":{"line":140,"column":1}}},"3":{"name":"(anonymous_4)","decl":{"start":{"line":88,"column":31},"end":{"line":88,"column":32}},"loc":{"start":{"line":89,"column":12},"end":{"line":90,"column":null}}}},"branchMap":{"0":{"loc":{"start":{"line":70,"column":29},"end":{"line":70,"column":64}},"type":"cond-expr","locations":[{"start":{"line":70,"column":46},"end":{"line":70,"column":54}},{"start":{"line":70,"column":57},"end":{"line":70,"column":64}}]},"1":{"loc":{"start":{"line":112,"column":24},"end":{"line":112,"column":67}},"type":"binary-expr","locations":[{"start":{"line":112,"column":24},"end":{"line":112,"column":54}},{"start":{"line":112,"column":58},"end":{"line":112,"column":67}}]}},"s":{"0":2,"1":2,"2":2,"3":2,"4":40,"5":200,"6":2,"7":10,"8":40,"9":2,"10":2},"f":{"0":40,"1":200,"2":10,"3":40},"b":{"0":[190,10],"1":[40,0]}}
,"/Users/bytedance/Workspace/SnapCred/src/presentation/components/layout/Footer.tsx": {"path":"/Users/bytedance/Workspace/SnapCred/src/presentation/components/layout/Footer.tsx","statementMap":{"0":{"start":{"line":2,"column":0},"end":{"line":2,"column":40}},"1":{"start":{"line":3,"column":0},"end":{"line":3,"column":47}},"2":{"start":{"line":5,"column":25},"end":{"line":93,"column":1}},"3":{"start":{"line":6,"column":22},"end":{"line":6,"column":46}},"4":{"start":{"line":8,"column":2},"end":{"line":92,"column":4}},"5":{"start":{"line":95,"column":0},"end":{"line":95,"column":22}}},"fnMap":{"0":{"name":"(anonymous_0)","decl":{"start":{"line":5,"column":25},"end":{"line":5,"column":28}},"loc":{"start":{"line":5,"column":30},"end":{"line":93,"column":1}}}},"branchMap":{},"s":{"0":1,"1":1,"2":1,"3":0,"4":0,"5":1},"f":{"0":0},"b":{}}
,"/Users/bytedance/Workspace/SnapCred/src/presentation/components/layout/Header.tsx": {"path":"/Users/bytedance/Workspace/SnapCred/src/presentation/components/layout/Header.tsx","statementMap":{"0":{"start":{"line":1,"column":0},"end":{"line":1,"column":40}},"1":{"start":{"line":2,"column":0},"end":{"line":2,"column":53}},"2":{"start":{"line":3,"column":0},"end":{"line":3,"column":47}},"3":{"start":{"line":5,"column":25},"end":{"line":64,"column":1}},"4":{"start":{"line":6,"column":38},"end":{"line":6,"column":53}},"5":{"start":{"line":7,"column":19},"end":{"line":7,"column":32}},"6":{"start":{"line":9,"column":21},"end":{"line":11,"column":3}},"7":{"start":{"line":10,"column":4},"end":{"line":10,"column":31}},"8":{"start":{"line":13,"column":19},"end":{"line":15,"column":3}},"9":{"start":{"line":14,"column":4},"end":{"line":14,"column":38}},"10":{"start":{"line":17,"column":2},"end":{"line":63,"column":4}},"11":{"start":{"line":66,"column":0},"end":{"line":66,"column":22}}},"fnMap":{"0":{"name":"(anonymous_0)","decl":{"start":{"line":5,"column":25},"end":{"line":5,"column":28}},"loc":{"start":{"line":5,"column":30},"end":{"line":64,"column":1}}},"1":{"name":"(anonymous_1)","decl":{"start":{"line":9,"column":21},"end":{"line":9,"column":24}},"loc":{"start":{"line":9,"column":26},"end":{"line":11,"column":3}}},"2":{"name":"(anonymous_2)","decl":{"start":{"line":13,"column":19},"end":{"line":13,"column":20}},"loc":{"start":{"line":13,"column":36},"end":{"line":15,"column":3}}}},"branchMap":{"0":{"loc":{"start":{"line":56,"column":35},"end":{"line":56,"column":65}},"type":"cond-expr","locations":[{"start":{"line":56,"column":48},"end":{"line":56,"column":54}},{"start":{"line":56,"column":57},"end":{"line":56,"column":65}}]},"1":{"loc":{"start":{"line":57,"column":37},"end":{"line":57,"column":66}},"type":"cond-expr","locations":[{"start":{"line":57,"column":53},"end":{"line":57,"column":61}},{"start":{"line":57,"column":64},"end":{"line":57,"column":66}}]},"2":{"loc":{"start":{"line":58,"column":37},"end":{"line":58,"column":71}},"type":"cond-expr","locations":[{"start":{"line":58,"column":58},"end":{"line":58,"column":66}},{"start":{"line":58,"column":69},"end":{"line":58,"column":71}}]},"3":{"loc":{"start":{"line":59,"column":37},"end":{"line":59,"column":71}},"type":"cond-expr","locations":[{"start":{"line":59,"column":58},"end":{"line":59,"column":66}},{"start":{"line":59,"column":69},"end":{"line":59,"column":71}}]},"4":{"loc":{"start":{"line":60,"column":37},"end":{"line":60,"column":73}},"type":"cond-expr","locations":[{"start":{"line":60,"column":60},"end":{"line":60,"column":68}},{"start":{"line":60,"column":71},"end":{"line":60,"column":73}}]}},"s":{"0":1,"1":1,"2":1,"3":1,"4":0,"5":0,"6":0,"7":0,"8":0,"9":0,"10":0,"11":1},"f":{"0":0,"1":0,"2":0},"b":{"0":[0,0],"1":[0,0],"2":[0,0],"3":[0,0],"4":[0,0]}}
,"/Users/bytedance/Workspace/SnapCred/src/presentation/components/layout/Layout.tsx": {"path":"/Users/bytedance/Workspace/SnapCred/src/presentation/components/layout/Layout.tsx","statementMap":{"0":{"start":{"line":2,"column":0},"end":{"line":2,"column":30}},"1":{"start":{"line":3,"column":0},"end":{"line":3,"column":30}},"2":{"start":{"line":4,"column":0},"end":{"line":4,"column":47}},"3":{"start":{"line":10,"column":38},"end":{"line":18,"column":1}},"4":{"start":{"line":11,"column":2},"end":{"line":17,"column":4}},"5":{"start":{"line":20,"column":0},"end":{"line":20,"column":22}}},"fnMap":{"0":{"name":"(anonymous_1)","decl":{"start":{"line":10,"column":38},"end":{"line":10,"column":39}},"loc":{"start":{"line":10,"column":55},"end":{"line":18,"column":1}}}},"branchMap":{},"s":{"0":1,"1":1,"2":1,"3":1,"4":0,"5":1},"f":{"0":0},"b":{}}
,"/Users/bytedance/Workspace/SnapCred/src/presentation/components/ui/Button.tsx": {"path":"/Users/bytedance/Workspace/SnapCred/src/presentation/components/ui/Button.tsx","statementMap":{"0":{"start":{"line":1,"column":0},"end":{"line":1,"column":36}},"1":{"start":{"line":2,"column":0},"end":{"line":2,"column":43}},"2":{"start":{"line":13,"column":38},"end":{"line":36,"column":1}},"3":{"start":{"line":21,"column":22},"end":{"line":28,"column":null}},"4":{"start":{"line":31,"column":2},"end":{"line":35,"column":4}},"5":{"start":{"line":38,"column":0},"end":{"line":38,"column":22}}},"fnMap":{"0":{"name":"(anonymous_1)","decl":{"start":{"line":13,"column":38},"end":{"line":13,"column":39}},"loc":{"start":{"line":20,"column":5},"end":{"line":36,"column":1}}}},"branchMap":{"0":{"loc":{"start":{"line":14,"column":2},"end":{"line":14,"column":21}},"type":"default-arg","locations":[{"start":{"line":14,"column":12},"end":{"line":14,"column":21}}]},"1":{"loc":{"start":{"line":15,"column":2},"end":{"line":15,"column":17}},"type":"default-arg","locations":[{"start":{"line":15,"column":9},"end":{"line":15,"column":17}}]},"2":{"loc":{"start":{"line":16,"column":2},"end":{"line":16,"column":19}},"type":"default-arg","locations":[{"start":{"line":16,"column":14},"end":{"line":16,"column":19}}]},"3":{"loc":{"start":{"line":17,"column":2},"end":{"line":17,"column":16}},"type":"default-arg","locations":[{"start":{"line":17,"column":14},"end":{"line":17,"column":16}}]}},"s":{"0":5,"1":5,"2":5,"3":37,"4":37,"5":5},"f":{"0":37},"b":{"0":[19],"1":[35],"2":[36],"3":[26]}}
,"/Users/bytedance/Workspace/SnapCred/src/presentation/components/ui/Card.tsx": {"path":"/Users/bytedance/Workspace/SnapCred/src/presentation/components/ui/Card.tsx","statementMap":{"0":{"start":{"line":1,"column":0},"end":{"line":1,"column":36}},"1":{"start":{"line":2,"column":0},"end":{"line":2,"column":41}},"2":{"start":{"line":15,"column":34},"end":{"line":47,"column":1}},"3":{"start":{"line":25,"column":20},"end":{"line":32,"column":null}},"4":{"start":{"line":35,"column":2},"end":{"line":46,"column":4}},"5":{"start":{"line":49,"column":0},"end":{"line":49,"column":20}}},"fnMap":{"0":{"name":"(anonymous_1)","decl":{"start":{"line":15,"column":34},"end":{"line":15,"column":35}},"loc":{"start":{"line":24,"column":5},"end":{"line":47,"column":1}}}},"branchMap":{"0":{"loc":{"start":{"line":16,"column":2},"end":{"line":16,"column":16}},"type":"default-arg","locations":[{"start":{"line":16,"column":14},"end":{"line":16,"column":16}}]},"1":{"loc":{"start":{"line":17,"column":2},"end":{"line":17,"column":21}},"type":"default-arg","locations":[{"start":{"line":17,"column":12},"end":{"line":17,"column":21}}]},"2":{"loc":{"start":{"line":18,"column":2},"end":{"line":18,"column":20}},"type":"default-arg","locations":[{"start":{"line":18,"column":12},"end":{"line":18,"column":20}}]},"3":{"loc":{"start":{"line":19,"column":2},"end":{"line":19,"column":19}},"type":"default-arg","locations":[{"start":{"line":19,"column":14},"end":{"line":19,"column":19}}]},"4":{"loc":{"start":{"line":37,"column":7},"end":{"line":41,"column":null}},"type":"binary-expr","locations":[{"start":{"line":37,"column":8},"end":{"line":37,"column":13}},{"start":{"line":37,"column":17},"end":{"line":37,"column":30}},{"start":{"line":38,"column":8},"end":{"line":40,"column":null}}]},"5":{"loc":{"start":{"line":39,"column":11},"end":{"line":39,"column":59}},"type":"binary-expr","locations":[{"start":{"line":39,"column":11},"end":{"line":39,"column":16}},{"start":{"line":39,"column":20},"end":{"line":39,"column":59}}]},"6":{"loc":{"start":{"line":40,"column":11},"end":{"line":40,"column":79}},"type":"binary-expr","locations":[{"start":{"line":40,"column":11},"end":{"line":40,"column":24}},{"start":{"line":40,"column":28},"end":{"line":40,"column":79}}]},"7":{"loc":{"start":{"line":44,"column":7},"end":{"line":44,"column":70}},"type":"binary-expr","locations":[{"start":{"line":44,"column":7},"end":{"line":44,"column":13}},{"start":{"line":44,"column":17},"end":{"line":44,"column":70}}]}},"s":{"0":3,"1":3,"2":3,"3":50,"4":50,"5":3},"f":{"0":50},"b":{"0":[9],"1":[8],"2":[8],"3":[49],"4":[50,48,2],"5":[2,2],"6":[2,1],"7":[50,1]}}
,"/Users/bytedance/Workspace/SnapCred/src/presentation/components/upload/CredentialSelector.tsx": {"path":"/Users/bytedance/Workspace/SnapCred/src/presentation/components/upload/CredentialSelector.tsx","statementMap":{"0":{"start":{"line":3,"column":0},"end":{"line":3,"column":56}},"1":{"start":{"line":4,"column":0},"end":{"line":4,"column":59}},"2":{"start":{"line":17,"column":62},"end":{"line":75,"column":1}},"3":{"start":{"line":23,"column":2},"end":{"line":74,"column":4}},"4":{"start":{"line":45,"column":14},"end":{"line":46,"column":null}},"5":{"start":{"line":48,"column":31},"end":{"line":48,"column":45}},"6":{"start":{"line":77,"column":0},"end":{"line":77,"column":34}}},"fnMap":{"0":{"name":"(anonymous_1)","decl":{"start":{"line":17,"column":62},"end":{"line":17,"column":63}},"loc":{"start":{"line":22,"column":5},"end":{"line":75,"column":1}}},"1":{"name":"(anonymous_2)","decl":{"start":{"line":44,"column":33},"end":{"line":44,"column":34}},"loc":{"start":{"line":45,"column":14},"end":{"line":46,"column":null}}},"2":{"name":"(anonymous_3)","decl":{"start":{"line":48,"column":25},"end":{"line":48,"column":28}},"loc":{"start":{"line":48,"column":31},"end":{"line":48,"column":45}}}},"branchMap":{},"s":{"0":3,"1":3,"2":3,"3":4,"4":8,"5":1,"6":3},"f":{"0":4,"1":8,"2":1},"b":{}}
,"/Users/bytedance/Workspace/SnapCred/src/presentation/components/upload/PhotoEditor.tsx": {"path":"/Users/bytedance/Workspace/SnapCred/src/presentation/components/upload/PhotoEditor.tsx","statementMap":{"0":{"start":{"line":1,"column":0},"end":{"line":1,"column":59}},"1":{"start":{"line":2,"column":0},"end":{"line":2,"column":56}},"2":{"start":{"line":12,"column":48},"end":{"line":189,"column":1}},"3":{"start":{"line":18,"column":34},"end":{"line":18,"column":45}},"4":{"start":{"line":19,"column":38},"end":{"line":19,"column":51}},"5":{"start":{"line":20,"column":52},"end":{"line":20,"column":67}},"6":{"start":{"line":21,"column":20},"end":{"line":21,"column":51}},"7":{"start":{"line":22,"column":19},"end":{"line":22,"column":56}},"8":{"start":{"line":25,"column":2},"end":{"line":32,"column":17}},"9":{"start":{"line":26,"column":16},"end":{"line":26,"column":27}},"10":{"start":{"line":27,"column":4},"end":{"line":30,"column":6}},"11":{"start":{"line":28,"column":6},"end":{"line":28,"column":29}},"12":{"start":{"line":29,"column":6},"end":{"line":29,"column":18}},"13":{"start":{"line":31,"column":4},"end":{"line":31,"column":23}},"14":{"start":{"line":35,"column":2},"end":{"line":37,"column":48}},"15":{"start":{"line":36,"column":4},"end":{"line":36,"column":16}},"16":{"start":{"line":40,"column":20},"end":{"line":105,"column":3}},"17":{"start":{"line":41,"column":19},"end":{"line":41,"column":36}},"18":{"start":{"line":42,"column":16},"end":{"line":42,"column":32}},"19":{"start":{"line":44,"column":4},"end":{"line":44,"column":32}},"20":{"start":{"line":44,"column":25},"end":{"line":44,"column":32}},"21":{"start":{"line":46,"column":16},"end":{"line":46,"column":39}},"22":{"start":{"line":47,"column":4},"end":{"line":47,"column":21}},"23":{"start":{"line":47,"column":14},"end":{"line":47,"column":21}},"24":{"start":{"line":50,"column":21},"end":{"line":50,"column":24}},"25":{"start":{"line":51,"column":22},"end":{"line":51,"column":25}},"26":{"start":{"line":52,"column":16},"end":{"line":52,"column":25}},"27":{"start":{"line":53,"column":17},"end":{"line":53,"column":27}},"28":{"start":{"line":56,"column":4},"end":{"line":66,"column":5}},"29":{"start":{"line":57,"column":6},"end":{"line":60,"column":7}},"30":{"start":{"line":58,"column":8},"end":{"line":58,"column":57}},"31":{"start":{"line":59,"column":8},"end":{"line":59,"column":25}},"32":{"start":{"line":62,"column":6},"end":{"line":65,"column":7}},"33":{"start":{"line":63,"column":8},"end":{"line":63,"column":57}},"34":{"start":{"line":64,"column":8},"end":{"line":64,"column":27}},"35":{"start":{"line":68,"column":4},"end":{"line":68,"column":25}},"36":{"start":{"line":69,"column":4},"end":{"line":69,"column":27}},"37":{"start":{"line":72,"column":4},"end":{"line":72,"column":53}},"38":{"start":{"line":75,"column":4},"end":{"line":78,"column":5}},"39":{"start":{"line":76,"column":6},"end":{"line":76,"column":32}},"40":{"start":{"line":77,"column":6},"end":{"line":77,"column":54}},"41":{"start":{"line":81,"column":4},"end":{"line":89,"column":5}},"42":{"start":{"line":82,"column":6},"end":{"line":82,"column":17}},"43":{"start":{"line":83,"column":6},"end":{"line":83,"column":57}},"44":{"start":{"line":84,"column":6},"end":{"line":84,"column":45}},"45":{"start":{"line":85,"column":6},"end":{"line":85,"column":65}},"46":{"start":{"line":86,"column":6},"end":{"line":86,"column":20}},"47":{"start":{"line":88,"column":6},"end":{"line":88,"column":46}},"48":{"start":{"line":92,"column":4},"end":{"line":104,"column":5}},"49":{"start":{"line":93,"column":24},"end":{"line":93,"column":75}},"50":{"start":{"line":94,"column":19},"end":{"line":94,"column":33}},"51":{"start":{"line":95,"column":21},"end":{"line":95,"column":37}},"52":{"start":{"line":97,"column":6},"end":{"line":101,"column":7}},"53":{"start":{"line":97,"column":19},"end":{"line":97,"column":20}},"54":{"start":{"line":98,"column":8},"end":{"line":98,"column":63}},"55":{"start":{"line":99,"column":8},"end":{"line":99,"column":71}},"56":{"start":{"line":100,"column":8},"end":{"line":100,"column":71}},"57":{"start":{"line":103,"column":6},"end":{"line":103,"column":40}},"58":{"start":{"line":108,"column":23},"end":{"line":110,"column":3}},"59":{"start":{"line":109,"column":4},"end":{"line":109,"column":45}},"60":{"start":{"line":109,"column":26},"end":{"line":109,"column":43}},"61":{"start":{"line":113,"column":33},"end":{"line":115,"column":3}},"62":{"start":{"line":114,"column":4},"end":{"line":114,"column":42}},"63":{"start":{"line":118,"column":33},"end":{"line":120,"column":3}},"64":{"start":{"line":119,"column":4},"end":{"line":119,"column":42}},"65":{"start":{"line":119,"column":35},"end":{"line":119,"column":40}},"66":{"start":{"line":123,"column":25},"end":{"line":128,"column":3}},"67":{"start":{"line":124,"column":4},"end":{"line":127,"column":5}},"68":{"start":{"line":125,"column":24},"end":{"line":125,"column":65}},"69":{"start":{"line":126,"column":6},"end":{"line":126,"column":28}},"70":{"start":{"line":130,"column":2},"end":{"line":188,"column":4}},"71":{"start":{"line":191,"column":0},"end":{"line":191,"column":27}}},"fnMap":{"0":{"name":"(anonymous_1)","decl":{"start":{"line":12,"column":48},"end":{"line":12,"column":49}},"loc":{"start":{"line":17,"column":5},"end":{"line":189,"column":1}}},"1":{"name":"(anonymous_2)","decl":{"start":{"line":25,"column":12},"end":{"line":25,"column":15}},"loc":{"start":{"line":25,"column":17},"end":{"line":32,"column":3}}},"2":{"name":"(anonymous_3)","decl":{"start":{"line":27,"column":17},"end":{"line":27,"column":20}},"loc":{"start":{"line":27,"column":22},"end":{"line":30,"column":5}}},"3":{"name":"(anonymous_4)","decl":{"start":{"line":35,"column":12},"end":{"line":35,"column":15}},"loc":{"start":{"line":35,"column":17},"end":{"line":37,"column":3}}},"4":{"name":"(anonymous_5)","decl":{"start":{"line":40,"column":20},"end":{"line":40,"column":23}},"loc":{"start":{"line":40,"column":25},"end":{"line":105,"column":3}}},"5":{"name":"(anonymous_6)","decl":{"start":{"line":108,"column":23},"end":{"line":108,"column":26}},"loc":{"start":{"line":108,"column":28},"end":{"line":110,"column":3}}},"6":{"name":"(anonymous_7)","decl":{"start":{"line":109,"column":16},"end":{"line":109,"column":17}},"loc":{"start":{"line":109,"column":26},"end":{"line":109,"column":43}}},"7":{"name":"(anonymous_8)","decl":{"start":{"line":113,"column":33},"end":{"line":113,"column":34}},"loc":{"start":{"line":113,"column":76},"end":{"line":115,"column":3}}},"8":{"name":"(anonymous_9)","decl":{"start":{"line":118,"column":33},"end":{"line":118,"column":36}},"loc":{"start":{"line":118,"column":38},"end":{"line":120,"column":3}}},"9":{"name":"(anonymous_10)","decl":{"start":{"line":119,"column":25},"end":{"line":119,"column":26}},"loc":{"start":{"line":119,"column":35},"end":{"line":119,"column":40}}},"10":{"name":"(anonymous_11)","decl":{"start":{"line":123,"column":25},"end":{"line":123,"column":28}},"loc":{"start":{"line":123,"column":30},"end":{"line":128,"column":3}}}},"branchMap":{"0":{"loc":{"start":{"line":44,"column":4},"end":{"line":44,"column":32}},"type":"if","locations":[{"start":{"line":44,"column":4},"end":{"line":44,"column":32}}]},"1":{"loc":{"start":{"line":44,"column":8},"end":{"line":44,"column":23}},"type":"binary-expr","locations":[{"start":{"line":44,"column":8},"end":{"line":44,"column":15}},{"start":{"line":44,"column":19},"end":{"line":44,"column":23}}]},"2":{"loc":{"start":{"line":47,"column":4},"end":{"line":47,"column":21}},"type":"if","locations":[{"start":{"line":47,"column":4},"end":{"line":47,"column":21}}]},"3":{"loc":{"start":{"line":56,"column":4},"end":{"line":66,"column":5}},"type":"if","locations":[{"start":{"line":56,"column":4},"end":{"line":66,"column":5}},{"start":{"line":61,"column":11},"end":{"line":66,"column":5}}]},"4":{"loc":{"start":{"line":57,"column":6},"end":{"line":60,"column":7}},"type":"if","locations":[{"start":{"line":57,"column":6},"end":{"line":60,"column":7}}]},"5":{"loc":{"start":{"line":62,"column":6},"end":{"line":65,"column":7}},"type":"if","locations":[{"start":{"line":62,"column":6},"end":{"line":65,"column":7}}]},"6":{"loc":{"start":{"line":75,"column":4},"end":{"line":78,"column":5}},"type":"if","locations":[{"start":{"line":75,"column":4},"end":{"line":78,"column":5}}]},"7":{"loc":{"start":{"line":81,"column":4},"end":{"line":89,"column":5}},"type":"if","locations":[{"start":{"line":81,"column":4},"end":{"line":89,"column":5}},{"start":{"line":87,"column":11},"end":{"line":89,"column":5}}]},"8":{"loc":{"start":{"line":92,"column":4},"end":{"line":104,"column":5}},"type":"if","locations":[{"start":{"line":92,"column":4},"end":{"line":104,"column":5}}]},"9":{"loc":{"start":{"line":124,"column":4},"end":{"line":127,"column":5}},"type":"if","locations":[{"start":{"line":124,"column":4},"end":{"line":127,"column":5}}]},"10":{"loc":{"start":{"line":151,"column":15},"end":{"line":151,"column":54}},"type":"cond-expr","locations":[{"start":{"line":151,"column":35},"end":{"line":151,"column":43}},{"start":{"line":151,"column":46},"end":{"line":151,"column":54}}]}},"s":{"0":3,"1":3,"2":3,"3":4,"4":4,"5":4,"6":4,"7":4,"8":4,"9":4,"10":4,"11":0,"12":0,"13":4,"14":4,"15":4,"16":4,"17":4,"18":4,"19":4,"20":4,"21":0,"22":0,"23":0,"24":0,"25":0,"26":0,"27":0,"28":0,"29":0,"30":0,"31":0,"32":0,"33":0,"34":0,"35":0,"36":0,"37":0,"38":0,"39":0,"40":0,"41":0,"42":0,"43":0,"44":0,"45":0,"46":0,"47":0,"48":0,"49":0,"50":0,"51":0,"52":0,"53":0,"54":0,"55":0,"56":0,"57":0,"58":4,"59":0,"60":0,"61":4,"62":0,"63":4,"64":0,"65":0,"66":4,"67":1,"68":1,"69":1,"70":4,"71":3},"f":{"0":4,"1":4,"2":0,"3":4,"4":4,"5":0,"6":0,"7":0,"8":0,"9":0,"10":1},"b":{"0":[4],"1":[4,4],"2":[0],"3":[0,0],"4":[0],"5":[0],"6":[0],"7":[0,0],"8":[0],"9":[1],"10":[0,4]}}
,"/Users/bytedance/Workspace/SnapCred/src/presentation/components/upload/PhotoUpload.tsx": {"path":"/Users/bytedance/Workspace/SnapCred/src/presentation/components/upload/PhotoUpload.tsx","statementMap":{"0":{"start":{"line":1,"column":0},"end":{"line":1,"column":48}},"1":{"start":{"line":2,"column":0},"end":{"line":2,"column":50}},"2":{"start":{"line":3,"column":0},"end":{"line":3,"column":52}},"3":{"start":{"line":9,"column":48},"end":{"line":101,"column":1}},"4":{"start":{"line":10,"column":42},"end":{"line":10,"column":57}},"5":{"start":{"line":11,"column":23},"end":{"line":11,"column":53}},"6":{"start":{"line":13,"column":27},"end":{"line":20,"column":3}},"7":{"start":{"line":14,"column":4},"end":{"line":19,"column":5}},"8":{"start":{"line":15,"column":19},"end":{"line":15,"column":40}},"9":{"start":{"line":16,"column":6},"end":{"line":16,"column":26}},"10":{"start":{"line":18,"column":6},"end":{"line":18,"column":30}},"11":{"start":{"line":22,"column":26},"end":{"line":26,"column":3}},"12":{"start":{"line":23,"column":4},"end":{"line":23,"column":27}},"13":{"start":{"line":24,"column":4},"end":{"line":24,"column":28}},"14":{"start":{"line":25,"column":4},"end":{"line":25,"column":26}},"15":{"start":{"line":28,"column":26},"end":{"line":32,"column":3}},"16":{"start":{"line":29,"column":4},"end":{"line":29,"column":27}},"17":{"start":{"line":30,"column":4},"end":{"line":30,"column":28}},"18":{"start":{"line":31,"column":4},"end":{"line":31,"column":27}},"19":{"start":{"line":34,"column":25},"end":{"line":37,"column":3}},"20":{"start":{"line":35,"column":4},"end":{"line":35,"column":27}},"21":{"start":{"line":36,"column":4},"end":{"line":36,"column":28}},"22":{"start":{"line":39,"column":21},"end":{"line":48,"column":3}},"23":{"start":{"line":40,"column":4},"end":{"line":40,"column":27}},"24":{"start":{"line":41,"column":4},"end":{"line":41,"column":28}},"25":{"start":{"line":42,"column":4},"end":{"line":42,"column":27}},"26":{"start":{"line":44,"column":18},"end":{"line":44,"column":42}},"27":{"start":{"line":45,"column":4},"end":{"line":47,"column":5}},"28":{"start":{"line":46,"column":6},"end":{"line":46,"column":30}},"29":{"start":{"line":50,"column":26},"end":{"line":56,"column":3}},"30":{"start":{"line":51,"column":4},"end":{"line":51,"column":28}},"31":{"start":{"line":53,"column":4},"end":{"line":55,"column":5}},"32":{"start":{"line":54,"column":6},"end":{"line":54,"column":35}},"33":{"start":{"line":58,"column":2},"end":{"line":100,"column":4}},"34":{"start":{"line":79,"column":26},"end":{"line":79,"column":45}},"35":{"start":{"line":103,"column":0},"end":{"line":103,"column":27}}},"fnMap":{"0":{"name":"(anonymous_0)","decl":{"start":{"line":9,"column":48},"end":{"line":9,"column":49}},"loc":{"start":{"line":9,"column":70},"end":{"line":101,"column":1}}},"1":{"name":"(anonymous_1)","decl":{"start":{"line":13,"column":27},"end":{"line":13,"column":28}},"loc":{"start":{"line":13,"column":74},"end":{"line":20,"column":3}}},"2":{"name":"(anonymous_2)","decl":{"start":{"line":22,"column":26},"end":{"line":22,"column":27}},"loc":{"start":{"line":22,"column":53},"end":{"line":26,"column":3}}},"3":{"name":"(anonymous_3)","decl":{"start":{"line":28,"column":26},"end":{"line":28,"column":27}},"loc":{"start":{"line":28,"column":53},"end":{"line":32,"column":3}}},"4":{"name":"(anonymous_4)","decl":{"start":{"line":34,"column":25},"end":{"line":34,"column":26}},"loc":{"start":{"line":34,"column":52},"end":{"line":37,"column":3}}},"5":{"name":"(anonymous_5)","decl":{"start":{"line":39,"column":21},"end":{"line":39,"column":22}},"loc":{"start":{"line":39,"column":48},"end":{"line":48,"column":3}}},"6":{"name":"(anonymous_6)","decl":{"start":{"line":50,"column":26},"end":{"line":50,"column":27}},"loc":{"start":{"line":50,"column":54},"end":{"line":56,"column":3}}},"7":{"name":"(anonymous_7)","decl":{"start":{"line":79,"column":19},"end":{"line":79,"column":20}},"loc":{"start":{"line":79,"column":26},"end":{"line":79,"column":45}}}},"branchMap":{"0":{"loc":{"start":{"line":14,"column":4},"end":{"line":19,"column":5}},"type":"if","locations":[{"start":{"line":14,"column":4},"end":{"line":19,"column":5}}]},"1":{"loc":{"start":{"line":14,"column":8},"end":{"line":14,"column":59}},"type":"binary-expr","locations":[{"start":{"line":14,"column":8},"end":{"line":14,"column":26}},{"start":{"line":14,"column":30},"end":{"line":14,"column":59}}]},"2":{"loc":{"start":{"line":45,"column":4},"end":{"line":47,"column":5}},"type":"if","locations":[{"start":{"line":45,"column":4},"end":{"line":47,"column":5}}]},"3":{"loc":{"start":{"line":45,"column":8},"end":{"line":45,"column":33}},"type":"binary-expr","locations":[{"start":{"line":45,"column":8},"end":{"line":45,"column":13}},{"start":{"line":45,"column":17},"end":{"line":45,"column":33}}]},"4":{"loc":{"start":{"line":53,"column":4},"end":{"line":55,"column":5}},"type":"if","locations":[{"start":{"line":53,"column":4},"end":{"line":55,"column":5}}]},"5":{"loc":{"start":{"line":53,"column":8},"end":{"line":53,"column":69}},"type":"binary-expr","locations":[{"start":{"line":53,"column":8},"end":{"line":53,"column":45}},{"start":{"line":53,"column":49},"end":{"line":53,"column":69}}]},"6":{"loc":{"start":{"line":61,"column":34},"end":{"line":61,"column":67}},"type":"cond-expr","locations":[{"start":{"line":61,"column":49},"end":{"line":61,"column":62}},{"start":{"line":61,"column":65},"end":{"line":61,"column":67}}]}},"s":{"0":3,"1":3,"2":3,"3":3,"4":21,"5":21,"6":21,"7":4,"8":4,"9":4,"10":4,"11":21,"12":1,"13":1,"14":1,"15":21,"16":1,"17":1,"18":1,"19":21,"20":1,"21":1,"22":21,"23":1,"24":1,"25":1,"26":1,"27":1,"28":1,"29":21,"30":0,"31":0,"32":0,"33":21,"34":1,"35":3},"f":{"0":21,"1":4,"2":1,"3":1,"4":1,"5":1,"6":0,"7":1},"b":{"0":[4],"1":[4,4],"2":[1],"3":[1,1],"4":[0],"5":[0,0],"6":[1,20]}}
}
