TN:
SF:src/app/App.tsx
FN:6,(anonymous_1)
FNF:1
FNH:1
FNDA:2,(anonymous_1)
DA:2,1
DA:3,1
DA:4,1
DA:6,1
DA:7,2
DA:14,1
LF:6
LH:6
BRF:0
BRH:0
end_of_record
TN:
SF:src/app/pages/ContactPage.tsx
FN:17,(anonymous_1)
FN:27,(anonymous_2)
FN:48,(anonymous_3)
FN:52,(anonymous_4)
FN:58,(anonymous_5)
FN:105,(anonymous_6)
FNF:6
FNH:5
FNDA:10,(anonymous_1)
FNDA:2,(anonymous_2)
FNDA:3,(anonymous_3)
FNDA:3,(anonymous_4)
FNDA:2,(anonymous_5)
FNDA:0,(anonymous_6)
DA:1,1
DA:2,1
DA:3,1
DA:17,1
DA:18,10
DA:24,10
DA:25,10
DA:27,10
DA:28,2
DA:30,2
DA:31,1
DA:34,2
DA:35,1
DA:36,1
DA:37,0
DA:40,2
DA:41,1
DA:44,2
DA:45,2
DA:48,10
DA:51,3
DA:52,3
DA:58,10
DA:59,2
DA:61,2
DA:63,1
DA:64,1
DA:67,1
DA:72,1
DA:76,10
DA:105,0
DA:340,1
LF:32
LH:30
BRDA:30,0,0,1
BRDA:34,1,0,1
BRDA:34,1,1,1
BRDA:36,2,0,0
BRDA:40,3,0,1
BRDA:61,4,0,1
BRDA:87,5,0,1
BRDA:87,5,1,9
BRDA:124,6,0,1
BRDA:124,6,1,8
BRDA:126,7,0,9
BRDA:126,7,1,1
BRDA:141,8,0,1
BRDA:141,8,1,8
BRDA:143,9,0,9
BRDA:143,9,1,1
BRDA:159,10,0,1
BRDA:159,10,1,8
BRDA:162,11,0,9
BRDA:162,11,1,1
BRF:20
BRH:19
end_of_record
TN:
SF:src/app/pages/HomePage.tsx
FN:12,(anonymous_1)
FNF:1
FNH:1
FNDA:3,(anonymous_1)
DA:2,1
DA:3,1
DA:4,1
DA:5,1
DA:6,1
DA:7,1
DA:8,1
DA:9,1
DA:10,1
DA:12,1
DA:13,3
DA:50,1
LF:12
LH:12
BRF:0
BRH:0
end_of_record
TN:
SF:src/app/routes/Routes.tsx
FN:8,(anonymous_1)
FNF:1
FNH:1
FNDA:4,(anonymous_1)
DA:2,1
DA:3,1
DA:4,1
DA:5,1
DA:6,1
DA:8,1
DA:9,4
DA:19,1
LF:8
LH:8
BRF:0
BRH:0
end_of_record
TN:
SF:src/domain/models/CredentialType.ts
FN:28,(anonymous_0)
FN:47,(anonymous_1)
FN:60,(anonymous_2)
FN:73,(anonymous_3)
FNF:4
FNH:4
FNDA:6,(anonymous_0)
FNDA:3,(anonymous_1)
FNDA:3,(anonymous_2)
FNDA:1,(anonymous_3)
DA:20,1
DA:21,6
DA:22,6
DA:23,6
DA:24,6
DA:25,6
DA:26,6
DA:29,6
DA:31,2
DA:34,4
DA:35,4
DA:36,4
DA:37,4
DA:38,4
DA:39,4
DA:48,3
DA:49,1
DA:52,2
DA:61,3
DA:62,1
DA:65,2
DA:75,1
DA:76,1
LF:23
LH:23
BRDA:29,0,0,2
BRDA:29,1,0,6
BRDA:29,1,1,6
BRDA:29,1,2,5
BRDA:29,1,3,4
BRDA:29,1,4,4
BRDA:29,1,5,4
BRDA:29,1,6,4
BRDA:48,2,0,1
BRDA:48,3,0,3
BRDA:48,3,1,1
BRDA:61,4,0,1
BRDA:61,5,0,3
BRDA:61,5,1,1
BRDA:73,6,0,0
BRF:15
BRH:14
end_of_record
TN:
SF:src/domain/models/FAQ.ts
FN:19,(anonymous_0)
FN:35,(anonymous_1)
FN:48,(anonymous_2)
FNF:3
FNH:3
FNDA:15,(anonymous_0)
FNDA:53,(anonymous_1)
FNDA:53,(anonymous_2)
DA:13,3
DA:14,15
DA:15,15
DA:16,15
DA:17,15
DA:20,15
DA:21,2
DA:24,13
DA:25,13
DA:26,13
DA:27,13
DA:36,53
DA:37,51
DA:40,2
DA:49,53
DA:50,51
DA:53,2
LF:17
LH:17
BRDA:20,0,0,2
BRDA:20,1,0,15
BRDA:20,1,1,15
BRDA:20,1,2,14
BRDA:20,1,3,13
BRDA:20,1,4,13
BRDA:36,2,0,51
BRDA:36,3,0,53
BRDA:36,3,1,51
BRDA:49,4,0,51
BRDA:49,5,0,53
BRDA:49,5,1,51
BRF:12
BRH:12
end_of_record
TN:
SF:src/domain/models/TeamMember.ts
FN:21,(anonymous_0)
FN:38,(anonymous_1)
FN:51,(anonymous_2)
FN:64,(anonymous_3)
FNF:4
FNH:4
FNDA:6,(anonymous_0)
FNDA:3,(anonymous_1)
FNDA:3,(anonymous_2)
FNDA:1,(anonymous_3)
DA:14,1
DA:15,6
DA:16,6
DA:17,6
DA:18,6
DA:19,6
DA:22,6
DA:23,2
DA:26,4
DA:27,4
DA:28,4
DA:29,4
DA:30,4
DA:39,3
DA:40,1
DA:43,2
DA:52,3
DA:53,1
DA:56,2
DA:66,1
DA:67,1
LF:21
LH:21
BRDA:22,0,0,2
BRDA:22,1,0,6
BRDA:22,1,1,6
BRDA:22,1,2,5
BRDA:22,1,3,4
BRDA:22,1,4,4
BRDA:22,1,5,4
BRDA:39,2,0,1
BRDA:39,3,0,3
BRDA:39,3,1,1
BRDA:52,4,0,1
BRDA:52,5,0,3
BRDA:52,5,1,1
BRDA:66,6,0,0
BRDA:66,6,1,1
BRF:15
BRH:14
end_of_record
TN:
SF:src/presentation/components/home/CTA.tsx
FN:11,(anonymous_0)
FNF:1
FNH:1
FNDA:8,(anonymous_0)
DA:2,2
DA:11,2
DA:17,8
DA:30,2
LF:4
LH:4
BRDA:12,0,0,8
BRDA:13,1,0,8
BRDA:14,2,0,8
BRDA:15,3,0,8
BRF:4
BRH:4
end_of_record
TN:
SF:src/presentation/components/home/CredentialTypes.tsx
FN:5,(anonymous_0)
FNF:1
FNH:1
FNDA:11,(anonymous_0)
DA:2,2
DA:3,2
DA:5,2
DA:6,11
LF:4
LH:4
BRF:0
BRH:0
end_of_record
TN:
SF:src/presentation/components/home/FAQ.tsx
FN:69,(anonymous_0)
FN:76,(anonymous_1)
FN:77,(anonymous_2)
FN:92,(anonymous_3)
FN:96,(anonymous_4)
FNF:5
FNH:5
FNDA:10,(anonymous_0)
FNDA:2,(anonymous_1)
FNDA:2,(anonymous_2)
FNDA:50,(anonymous_3)
FNDA:2,(anonymous_4)
DA:1,2
DA:2,2
DA:3,2
DA:6,2
DA:69,2
DA:71,10
DA:76,10
DA:77,2
DA:84,10
DA:86,10
DA:93,50
DA:96,2
DA:133,2
LF:13
LH:13
BRDA:101,0,0,1
BRDA:101,0,1,49
BRDA:103,1,0,1
BRDA:103,1,1,49
BRDA:109,2,0,1
BRDA:109,2,1,49
BRDA:113,3,0,1
BRDA:113,3,1,49
BRF:8
BRH:8
end_of_record
TN:
SF:src/presentation/components/home/Features.tsx
FN:11,(anonymous_0)
FN:132,(anonymous_1)
FNF:2
FNH:2
FNDA:9,(anonymous_0)
FNDA:54,(anonymous_1)
DA:2,2
DA:11,2
DA:12,9
DA:125,9
DA:133,54
DA:153,2
LF:6
LH:6
BRF:0
BRH:0
end_of_record
TN:
SF:src/presentation/components/home/Hero.tsx
FN:5,(anonymous_0)
FNF:1
FNH:1
FNDA:9,(anonymous_0)
DA:2,2
DA:3,2
DA:5,2
DA:6,9
DA:26,2
LF:5
LH:5
BRF:0
BRH:0
end_of_record
TN:
SF:src/presentation/components/home/ProcessFlow.tsx
FN:38,(anonymous_0)
FN:45,(anonymous_1)
FNF:2
FNH:2
FNDA:7,(anonymous_0)
FNDA:28,(anonymous_1)
DA:2,2
DA:11,2
DA:38,2
DA:39,7
DA:46,28
DA:68,2
LF:6
LH:6
BRF:0
BRH:0
end_of_record
TN:
SF:src/presentation/components/home/Testimonials.tsx
FN:56,(anonymous_0)
FN:62,(anonymous_1)
FNF:2
FNH:2
FNDA:7,(anonymous_0)
FNDA:28,(anonymous_1)
DA:13,2
DA:56,2
DA:57,7
DA:63,28
DA:96,2
LF:5
LH:5
BRDA:74,0,0,28
BRDA:74,0,1,0
BRF:2
BRH:1
end_of_record
TN:
SF:src/presentation/components/ui/Button.tsx
FN:13,(anonymous_1)
FNF:1
FNH:1
FNDA:11,(anonymous_1)
DA:1,1
DA:2,1
DA:13,1
DA:21,11
DA:31,11
DA:38,1
LF:6
LH:6
BRDA:14,0,0,8
BRDA:15,1,0,9
BRDA:16,2,0,10
BRDA:17,3,0,10
BRF:4
BRH:4
end_of_record
TN:
SF:src/presentation/components/ui/Card.tsx
FN:15,(anonymous_1)
FNF:1
FNH:1
FNDA:10,(anonymous_1)
DA:1,1
DA:2,1
DA:15,1
DA:25,10
DA:35,10
DA:49,1
LF:6
LH:6
BRDA:16,0,0,9
BRDA:17,1,0,8
BRDA:18,2,0,8
BRDA:19,3,0,9
BRDA:37,4,0,10
BRDA:37,4,1,8
BRDA:37,4,2,2
BRDA:39,5,0,2
BRDA:39,5,1,2
BRDA:40,6,0,2
BRDA:40,6,1,1
BRDA:44,7,0,10
BRDA:44,7,1,1
BRF:13
BRH:13
end_of_record
