TN:
SF:src/domain/models/CredentialType.ts
FN:28,(anonymous_0)
FN:47,(anonymous_1)
FN:60,(anonymous_2)
FN:73,(anonymous_3)
FNF:4
FNH:4
FNDA:6,(anonymous_0)
FNDA:3,(anonymous_1)
FNDA:3,(anonymous_2)
FNDA:1,(anonymous_3)
DA:20,1
DA:21,6
DA:22,6
DA:23,6
DA:24,6
DA:25,6
DA:26,6
DA:29,6
DA:31,2
DA:34,4
DA:35,4
DA:36,4
DA:37,4
DA:38,4
DA:39,4
DA:48,3
DA:49,1
DA:52,2
DA:61,3
DA:62,1
DA:65,2
DA:75,1
DA:76,1
LF:23
LH:23
BRDA:29,0,0,2
BRDA:29,1,0,6
BRDA:29,1,1,6
BRDA:29,1,2,5
BRDA:29,1,3,4
BRDA:29,1,4,4
BRDA:29,1,5,4
BRDA:29,1,6,4
BRDA:48,2,0,1
BRDA:48,3,0,3
BRDA:48,3,1,1
BRDA:61,4,0,1
BRDA:61,5,0,3
BRDA:61,5,1,1
BRDA:73,6,0,0
BRF:15
BRH:14
end_of_record
TN:
SF:src/domain/models/FAQ.ts
FN:19,(anonymous_0)
FN:35,(anonymous_1)
FN:48,(anonymous_2)
FNF:3
FNH:3
FNDA:5,(anonymous_0)
FNDA:3,(anonymous_1)
FNDA:3,(anonymous_2)
DA:13,1
DA:14,5
DA:15,5
DA:16,5
DA:17,5
DA:20,5
DA:21,2
DA:24,3
DA:25,3
DA:26,3
DA:27,3
DA:36,3
DA:37,1
DA:40,2
DA:49,3
DA:50,1
DA:53,2
LF:17
LH:17
BRDA:20,0,0,2
BRDA:20,1,0,5
BRDA:20,1,1,5
BRDA:20,1,2,4
BRDA:20,1,3,3
BRDA:20,1,4,3
BRDA:36,2,0,1
BRDA:36,3,0,3
BRDA:36,3,1,1
BRDA:49,4,0,1
BRDA:49,5,0,3
BRDA:49,5,1,1
BRF:12
BRH:12
end_of_record
TN:
SF:src/domain/models/TeamMember.ts
FN:21,(anonymous_0)
FN:38,(anonymous_1)
FN:51,(anonymous_2)
FN:64,(anonymous_3)
FNF:4
FNH:4
FNDA:6,(anonymous_0)
FNDA:3,(anonymous_1)
FNDA:3,(anonymous_2)
FNDA:1,(anonymous_3)
DA:14,1
DA:15,6
DA:16,6
DA:17,6
DA:18,6
DA:19,6
DA:22,6
DA:23,2
DA:26,4
DA:27,4
DA:28,4
DA:29,4
DA:30,4
DA:39,3
DA:40,1
DA:43,2
DA:52,3
DA:53,1
DA:56,2
DA:66,1
DA:67,1
LF:21
LH:21
BRDA:22,0,0,2
BRDA:22,1,0,6
BRDA:22,1,1,6
BRDA:22,1,2,5
BRDA:22,1,3,4
BRDA:22,1,4,4
BRDA:22,1,5,4
BRDA:39,2,0,1
BRDA:39,3,0,3
BRDA:39,3,1,1
BRDA:52,4,0,1
BRDA:52,5,0,3
BRDA:52,5,1,1
BRDA:66,6,0,0
BRDA:66,6,1,1
BRF:15
BRH:14
end_of_record
